Analysis & Synthesis report for project3
Mon Jun 10 17:06:02 2019
Quartus II 64-Bit Version 13.0.1 Build 232 06/12/2013 Service Pack 1 SJ Web Edition


---------------------
; Table of Contents ;
---------------------
  1. Legal Notice
  2. Analysis & Synthesis Summary
  3. Analysis & Synthesis Settings
  4. Parallel Compilation
  5. Analysis & Synthesis Source Files Read
  6. Analysis & Synthesis Resource Usage Summary
  7. Analysis & Synthesis Resource Utilization by Entity
  8. State Machine - |project3|state
  9. User-Specified and Inferred Latches
 10. Registers Removed During Synthesis
 11. General Register Statistics
 12. Multiplexer Restructuring Statistics (Restructuring Performed)
 13. Parameter Settings for Inferred Entity Instance: convert3Disp:conv|lpm_divide:Mod0
 14. Parameter Settings for Inferred Entity Instance: convert3Disp:conv|lpm_divide:Div0
 15. Elapsed Time Per Partition
 16. Analysis & Synthesis Messages
 17. Analysis & Synthesis Suppressed Messages



----------------
; Legal Notice ;
----------------
Copyright (C) 1991-2013 Altera Corporation
Your use of Altera Corporation's design tools, logic functions 
and other software and tools, and its AMPP partner logic 
functions, and any output files from any of the foregoing 
(including device programming or simulation files), and any 
associated documentation or information are expressly subject 
to the terms and conditions of the Altera Program License 
Subscription Agreement, Altera MegaCore Function License 
Agreement, or other applicable license agreement, including, 
without limitation, that your use is for the sole purpose of 
programming logic devices manufactured by Altera and sold by 
Altera or its authorized distributors.  Please refer to the 
applicable agreement for further details.



+--------------------------------------------------------------------------------------+
; Analysis & Synthesis Summary                                                         ;
+------------------------------------+-------------------------------------------------+
; Analysis & Synthesis Status        ; Successful - Mon Jun 10 17:06:02 2019           ;
; Quartus II 64-Bit Version          ; 13.0.1 Build 232 06/12/2013 SP 1 SJ Web Edition ;
; Revision Name                      ; project3                                        ;
; Top-level Entity Name              ; project3                                        ;
; Family                             ; Cyclone II                                      ;
; Total logic elements               ; 283                                             ;
;     Total combinational functions  ; 277                                             ;
;     Dedicated logic registers      ; 77                                              ;
; Total registers                    ; 77                                              ;
; Total pins                         ; 36                                              ;
; Total virtual pins                 ; 0                                               ;
; Total memory bits                  ; 0                                               ;
; Embedded Multiplier 9-bit elements ; 0                                               ;
; Total PLLs                         ; 0                                               ;
+------------------------------------+-------------------------------------------------+


+----------------------------------------------------------------------------------------------------------------------+
; Analysis & Synthesis Settings                                                                                        ;
+----------------------------------------------------------------------------+--------------------+--------------------+
; Option                                                                     ; Setting            ; Default Value      ;
+----------------------------------------------------------------------------+--------------------+--------------------+
; Device                                                                     ; EP2C35F672C6       ;                    ;
; Top-level entity name                                                      ; project3           ; project3           ;
; Family name                                                                ; Cyclone II         ; Cyclone IV GX      ;
; Use smart compilation                                                      ; Off                ; Off                ;
; Enable parallel Assembler and TimeQuest Timing Analyzer during compilation ; On                 ; On                 ;
; Enable compact report table                                                ; Off                ; Off                ;
; Restructure Multiplexers                                                   ; Auto               ; Auto               ;
; Create Debugging Nodes for IP Cores                                        ; Off                ; Off                ;
; Preserve fewer node names                                                  ; On                 ; On                 ;
; Disable OpenCore Plus hardware evaluation                                  ; Off                ; Off                ;
; Verilog Version                                                            ; Verilog_2001       ; Verilog_2001       ;
; VHDL Version                                                               ; VHDL_1993          ; VHDL_1993          ;
; State Machine Processing                                                   ; Auto               ; Auto               ;
; Safe State Machine                                                         ; Off                ; Off                ;
; Extract Verilog State Machines                                             ; On                 ; On                 ;
; Extract VHDL State Machines                                                ; On                 ; On                 ;
; Ignore Verilog initial constructs                                          ; Off                ; Off                ;
; Iteration limit for constant Verilog loops                                 ; 5000               ; 5000               ;
; Iteration limit for non-constant Verilog loops                             ; 250                ; 250                ;
; Add Pass-Through Logic to Inferred RAMs                                    ; On                 ; On                 ;
; Infer RAMs from Raw Logic                                                  ; On                 ; On                 ;
; Parallel Synthesis                                                         ; On                 ; On                 ;
; DSP Block Balancing                                                        ; Auto               ; Auto               ;
; NOT Gate Push-Back                                                         ; On                 ; On                 ;
; Power-Up Don't Care                                                        ; On                 ; On                 ;
; Remove Redundant Logic Cells                                               ; Off                ; Off                ;
; Remove Duplicate Registers                                                 ; On                 ; On                 ;
; Ignore CARRY Buffers                                                       ; Off                ; Off                ;
; Ignore CASCADE Buffers                                                     ; Off                ; Off                ;
; Ignore GLOBAL Buffers                                                      ; Off                ; Off                ;
; Ignore ROW GLOBAL Buffers                                                  ; Off                ; Off                ;
; Ignore LCELL Buffers                                                       ; Off                ; Off                ;
; Ignore SOFT Buffers                                                        ; On                 ; On                 ;
; Limit AHDL Integers to 32 Bits                                             ; Off                ; Off                ;
; Optimization Technique                                                     ; Balanced           ; Balanced           ;
; Carry Chain Length                                                         ; 70                 ; 70                 ;
; Auto Carry Chains                                                          ; On                 ; On                 ;
; Auto Open-Drain Pins                                                       ; On                 ; On                 ;
; Perform WYSIWYG Primitive Resynthesis                                      ; Off                ; Off                ;
; Auto ROM Replacement                                                       ; On                 ; On                 ;
; Auto RAM Replacement                                                       ; On                 ; On                 ;
; Auto Shift Register Replacement                                            ; Auto               ; Auto               ;
; Allow Shift Register Merging across Hierarchies                            ; Auto               ; Auto               ;
; Auto Clock Enable Replacement                                              ; On                 ; On                 ;
; Strict RAM Replacement                                                     ; Off                ; Off                ;
; Allow Synchronous Control Signals                                          ; On                 ; On                 ;
; Force Use of Synchronous Clear Signals                                     ; Off                ; Off                ;
; Auto RAM to Logic Cell Conversion                                          ; Off                ; Off                ;
; Auto Resource Sharing                                                      ; Off                ; Off                ;
; Allow Any RAM Size For Recognition                                         ; Off                ; Off                ;
; Allow Any ROM Size For Recognition                                         ; Off                ; Off                ;
; Allow Any Shift Register Size For Recognition                              ; Off                ; Off                ;
; Use LogicLock Constraints during Resource Balancing                        ; On                 ; On                 ;
; Ignore translate_off and synthesis_off directives                          ; Off                ; Off                ;
; Timing-Driven Synthesis                                                    ; Off                ; Off                ;
; Report Parameter Settings                                                  ; On                 ; On                 ;
; Report Source Assignments                                                  ; On                 ; On                 ;
; Report Connectivity Checks                                                 ; On                 ; On                 ;
; Ignore Maximum Fan-Out Assignments                                         ; Off                ; Off                ;
; Synchronization Register Chain Length                                      ; 2                  ; 2                  ;
; PowerPlay Power Optimization                                               ; Normal compilation ; Normal compilation ;
; HDL message level                                                          ; Level2             ; Level2             ;
; Suppress Register Optimization Related Messages                            ; Off                ; Off                ;
; Number of Removed Registers Reported in Synthesis Report                   ; 5000               ; 5000               ;
; Number of Swept Nodes Reported in Synthesis Report                         ; 5000               ; 5000               ;
; Number of Inverted Registers Reported in Synthesis Report                  ; 100                ; 100                ;
; Clock MUX Protection                                                       ; On                 ; On                 ;
; Auto Gated Clock Conversion                                                ; Off                ; Off                ;
; Block Design Naming                                                        ; Auto               ; Auto               ;
; SDC constraint protection                                                  ; Off                ; Off                ;
; Synthesis Effort                                                           ; Auto               ; Auto               ;
; Shift Register Replacement - Allow Asynchronous Clear Signal               ; On                 ; On                 ;
; Pre-Mapping Resynthesis Optimization                                       ; Off                ; Off                ;
; Analysis & Synthesis Message Level                                         ; Medium             ; Medium             ;
; Disable Register Merging Across Hierarchies                                ; Auto               ; Auto               ;
; Resource Aware Inference For Block RAM                                     ; On                 ; On                 ;
; Synthesis Seed                                                             ; 1                  ; 1                  ;
+----------------------------------------------------------------------------+--------------------+--------------------+


Parallel compilation was disabled, but you have multiple processors available. Enable parallel compilation to reduce compilation time.
+-------------------------------------+
; Parallel Compilation                ;
+----------------------------+--------+
; Processors                 ; Number ;
+----------------------------+--------+
; Number detected on machine ; 4      ;
; Maximum allowed            ; 1      ;
+----------------------------+--------+


+--------------------------------------------------------------------------------------------------------------------------------------------------------------------------------------------------------------------------------+
; Analysis & Synthesis Source Files Read                                                                                                                                                                                         ;
+----------------------------------+-----------------+------------------------------+----------------------------------------------------------------------------------------------------------------------------------+---------+
; File Name with User-Entered Path ; Used in Netlist ; File Type                    ; File Name with Absolute Path                                                                                                     ; Library ;
+----------------------------------+-----------------+------------------------------+----------------------------------------------------------------------------------------------------------------------------------+---------+
; convert3Disp.vhd                 ; yes             ; User VHDL File               ; C:/Users/jeffi/Google Drive/01 - UFRN/2019.1/Lab. Sistemas Digitais/Unidade III/Projeto III/Projeto 3/convert3Disp.vhd           ;         ;
; convert2Disp7.vhd                ; yes             ; User VHDL File               ; C:/Users/jeffi/Google Drive/01 - UFRN/2019.1/Lab. Sistemas Digitais/Unidade III/Projeto III/Projeto 3/convert2Disp7.vhd          ;         ;
; ClockDiv.vhd                     ; yes             ; User VHDL File               ; C:/Users/jeffi/Google Drive/01 - UFRN/2019.1/Lab. Sistemas Digitais/Unidade III/Projeto III/Projeto 3/ClockDiv.vhd               ;         ;
; project3.vhd                     ; yes             ; User VHDL File               ; C:/Users/jeffi/Google Drive/01 - UFRN/2019.1/Lab. Sistemas Digitais/Unidade III/Projeto III/Projeto 3/project3.vhd               ;         ;
; lpm_divide.tdf                   ; yes             ; Megafunction                 ; c:/altera/13.0sp1/quartus/libraries/megafunctions/lpm_divide.tdf                                                                 ;         ;
; abs_divider.inc                  ; yes             ; Megafunction                 ; c:/altera/13.0sp1/quartus/libraries/megafunctions/abs_divider.inc                                                                ;         ;
; sign_div_unsign.inc              ; yes             ; Megafunction                 ; c:/altera/13.0sp1/quartus/libraries/megafunctions/sign_div_unsign.inc                                                            ;         ;
; aglobal130.inc                   ; yes             ; Megafunction                 ; c:/altera/13.0sp1/quartus/libraries/megafunctions/aglobal130.inc                                                                 ;         ;
; db/lpm_divide_25m.tdf            ; yes             ; Auto-Generated Megafunction  ; C:/Users/jeffi/Google Drive/01 - UFRN/2019.1/Lab. Sistemas Digitais/Unidade III/Projeto III/Projeto 3/db/lpm_divide_25m.tdf      ;         ;
; db/sign_div_unsign_9kh.tdf       ; yes             ; Auto-Generated Megafunction  ; C:/Users/jeffi/Google Drive/01 - UFRN/2019.1/Lab. Sistemas Digitais/Unidade III/Projeto III/Projeto 3/db/sign_div_unsign_9kh.tdf ;         ;
; db/alt_u_div_kve.tdf             ; yes             ; Auto-Generated Megafunction  ; C:/Users/jeffi/Google Drive/01 - UFRN/2019.1/Lab. Sistemas Digitais/Unidade III/Projeto III/Projeto 3/db/alt_u_div_kve.tdf       ;         ;
; db/add_sub_lkc.tdf               ; yes             ; Auto-Generated Megafunction  ; C:/Users/jeffi/Google Drive/01 - UFRN/2019.1/Lab. Sistemas Digitais/Unidade III/Projeto III/Projeto 3/db/add_sub_lkc.tdf         ;         ;
; db/add_sub_mkc.tdf               ; yes             ; Auto-Generated Megafunction  ; C:/Users/jeffi/Google Drive/01 - UFRN/2019.1/Lab. Sistemas Digitais/Unidade III/Projeto III/Projeto 3/db/add_sub_mkc.tdf         ;         ;
; db/lpm_divide_ucm.tdf            ; yes             ; Auto-Generated Megafunction  ; C:/Users/jeffi/Google Drive/01 - UFRN/2019.1/Lab. Sistemas Digitais/Unidade III/Projeto III/Projeto 3/db/lpm_divide_ucm.tdf      ;         ;
; db/sign_div_unsign_8kh.tdf       ; yes             ; Auto-Generated Megafunction  ; C:/Users/jeffi/Google Drive/01 - UFRN/2019.1/Lab. Sistemas Digitais/Unidade III/Projeto III/Projeto 3/db/sign_div_unsign_8kh.tdf ;         ;
; db/alt_u_div_ive.tdf             ; yes             ; Auto-Generated Megafunction  ; C:/Users/jeffi/Google Drive/01 - UFRN/2019.1/Lab. Sistemas Digitais/Unidade III/Projeto III/Projeto 3/db/alt_u_div_ive.tdf       ;         ;
+----------------------------------+-----------------+------------------------------+----------------------------------------------------------------------------------------------------------------------------------+---------+


+-------------------------------------------------------------------+
; Analysis & Synthesis Resource Usage Summary                       ;
+---------------------------------------------+---------------------+
; Resource                                    ; Usage               ;
+---------------------------------------------+---------------------+
; Estimated Total logic elements              ; 283                 ;
;                                             ;                     ;
; Total combinational functions               ; 277                 ;
; Logic element usage by number of LUT inputs ;                     ;
;     -- 4 input functions                    ; 114                 ;
;     -- 3 input functions                    ; 77                  ;
;     -- <=2 input functions                  ; 86                  ;
;                                             ;                     ;
; Logic elements by mode                      ;                     ;
;     -- normal mode                          ; 225                 ;
;     -- arithmetic mode                      ; 52                  ;
;                                             ;                     ;
; Total registers                             ; 77                  ;
;     -- Dedicated logic registers            ; 77                  ;
;     -- I/O registers                        ; 0                   ;
;                                             ;                     ;
; I/O pins                                    ; 36                  ;
; Embedded Multiplier 9-bit elements          ; 0                   ;
; Maximum fan-out node                        ; ClockDiv:div|Equal0 ;
; Maximum fan-out                             ; 77                  ;
; Total fan-out                               ; 1116                ;
; Average fan-out                             ; 2.86                ;
+---------------------------------------------+---------------------+


+----------------------------------------------------------------------------------------------------------------------------------------------------------------------------------------------------------------------------------------------------------------------------------------------------+
; Analysis & Synthesis Resource Utilization by Entity                                                                                                                                                                                                                                                ;
+-------------------------------------------+-------------------+--------------+-------------+--------------+---------+-----------+------+--------------+-----------------------------------------------------------------------------------------------------------------------------+--------------+
; Compilation Hierarchy Node                ; LC Combinationals ; LC Registers ; Memory Bits ; DSP Elements ; DSP 9x9 ; DSP 18x18 ; Pins ; Virtual Pins ; Full Hierarchy Name                                                                                                         ; Library Name ;
+-------------------------------------------+-------------------+--------------+-------------+--------------+---------+-----------+------+--------------+-----------------------------------------------------------------------------------------------------------------------------+--------------+
; |project3                                 ; 277 (117)         ; 77 (51)      ; 0           ; 0            ; 0       ; 0         ; 36   ; 0            ; |project3                                                                                                                   ; work         ;
;    |ClockDiv:div|                         ; 35 (35)           ; 26 (26)      ; 0           ; 0            ; 0       ; 0         ; 0    ; 0            ; |project3|ClockDiv:div                                                                                                      ; work         ;
;    |convert3Disp:conv|                    ; 125 (34)          ; 0 (0)        ; 0           ; 0            ; 0       ; 0         ; 0    ; 0            ; |project3|convert3Disp:conv                                                                                                 ; work         ;
;       |convert2Disp7:conv0|               ; 32 (32)           ; 0 (0)        ; 0           ; 0            ; 0       ; 0         ; 0    ; 0            ; |project3|convert3Disp:conv|convert2Disp7:conv0                                                                             ; work         ;
;       |convert2Disp7:conv1|               ; 16 (16)           ; 0 (0)        ; 0           ; 0            ; 0       ; 0         ; 0    ; 0            ; |project3|convert3Disp:conv|convert2Disp7:conv1                                                                             ; work         ;
;       |convert2Disp7:conv2|               ; 9 (9)             ; 0 (0)        ; 0           ; 0            ; 0       ; 0         ; 0    ; 0            ; |project3|convert3Disp:conv|convert2Disp7:conv2                                                                             ; work         ;
;       |lpm_divide:Div0|                   ; 17 (0)            ; 0 (0)        ; 0           ; 0            ; 0       ; 0         ; 0    ; 0            ; |project3|convert3Disp:conv|lpm_divide:Div0                                                                                 ; work         ;
;          |lpm_divide_ucm:auto_generated|  ; 17 (0)            ; 0 (0)        ; 0           ; 0            ; 0       ; 0         ; 0    ; 0            ; |project3|convert3Disp:conv|lpm_divide:Div0|lpm_divide_ucm:auto_generated                                                   ; work         ;
;             |sign_div_unsign_8kh:divider| ; 17 (0)            ; 0 (0)        ; 0           ; 0            ; 0       ; 0         ; 0    ; 0            ; |project3|convert3Disp:conv|lpm_divide:Div0|lpm_divide_ucm:auto_generated|sign_div_unsign_8kh:divider                       ; work         ;
;                |alt_u_div_ive:divider|    ; 17 (17)           ; 0 (0)        ; 0           ; 0            ; 0       ; 0         ; 0    ; 0            ; |project3|convert3Disp:conv|lpm_divide:Div0|lpm_divide_ucm:auto_generated|sign_div_unsign_8kh:divider|alt_u_div_ive:divider ; work         ;
;       |lpm_divide:Mod0|                   ; 17 (0)            ; 0 (0)        ; 0           ; 0            ; 0       ; 0         ; 0    ; 0            ; |project3|convert3Disp:conv|lpm_divide:Mod0                                                                                 ; work         ;
;          |lpm_divide_25m:auto_generated|  ; 17 (0)            ; 0 (0)        ; 0           ; 0            ; 0       ; 0         ; 0    ; 0            ; |project3|convert3Disp:conv|lpm_divide:Mod0|lpm_divide_25m:auto_generated                                                   ; work         ;
;             |sign_div_unsign_9kh:divider| ; 17 (0)            ; 0 (0)        ; 0           ; 0            ; 0       ; 0         ; 0    ; 0            ; |project3|convert3Disp:conv|lpm_divide:Mod0|lpm_divide_25m:auto_generated|sign_div_unsign_9kh:divider                       ; work         ;
;                |alt_u_div_kve:divider|    ; 17 (17)           ; 0 (0)        ; 0           ; 0            ; 0       ; 0         ; 0    ; 0            ; |project3|convert3Disp:conv|lpm_divide:Mod0|lpm_divide_25m:auto_generated|sign_div_unsign_9kh:divider|alt_u_div_kve:divider ; work         ;
+-------------------------------------------+-------------------+--------------+-------------+--------------+---------+-----------+------+--------------+-----------------------------------------------------------------------------------------------------------------------------+--------------+
Note: For table entries with two numbers listed, the numbers in parentheses indicate the number of resources of the given type used by the specific entity alone. The numbers listed outside of parentheses indicate the total resources of the given type used by the specific entity and all of its sub-entities in the hierarchy.


Encoding Type:  One-Hot
+--------------------------------------------------------------------------------------------------------------------------------------------------------------------------------------------------------------+
; State Machine - |project3|state                                                                                                                                                                              ;
+----------------+------------+--------------+-------------+-------------+------------+-------------+---------------+----------------+-----------+----------------+---------------+---------------+------------+
; Name           ; state.show ; state.s_xnor ; state.s_xor ; state.s_not ; state.s_or ; state.s_and ; state.compare ; state.subtract ; state.add ; state.insertOp ; state.insert2 ; state.insert1 ; state.init ;
+----------------+------------+--------------+-------------+-------------+------------+-------------+---------------+----------------+-----------+----------------+---------------+---------------+------------+
; state.init     ; 0          ; 0            ; 0           ; 0           ; 0          ; 0           ; 0             ; 0              ; 0         ; 0              ; 0             ; 0             ; 0          ;
; state.insert1  ; 0          ; 0            ; 0           ; 0           ; 0          ; 0           ; 0             ; 0              ; 0         ; 0              ; 0             ; 1             ; 1          ;
; state.insert2  ; 0          ; 0            ; 0           ; 0           ; 0          ; 0           ; 0             ; 0              ; 0         ; 0              ; 1             ; 0             ; 1          ;
; state.insertOp ; 0          ; 0            ; 0           ; 0           ; 0          ; 0           ; 0             ; 0              ; 0         ; 1              ; 0             ; 0             ; 1          ;
; state.add      ; 0          ; 0            ; 0           ; 0           ; 0          ; 0           ; 0             ; 0              ; 1         ; 0              ; 0             ; 0             ; 1          ;
; state.subtract ; 0          ; 0            ; 0           ; 0           ; 0          ; 0           ; 0             ; 1              ; 0         ; 0              ; 0             ; 0             ; 1          ;
; state.compare  ; 0          ; 0            ; 0           ; 0           ; 0          ; 0           ; 1             ; 0              ; 0         ; 0              ; 0             ; 0             ; 1          ;
; state.s_and    ; 0          ; 0            ; 0           ; 0           ; 0          ; 1           ; 0             ; 0              ; 0         ; 0              ; 0             ; 0             ; 1          ;
; state.s_or     ; 0          ; 0            ; 0           ; 0           ; 1          ; 0           ; 0             ; 0              ; 0         ; 0              ; 0             ; 0             ; 1          ;
; state.s_not    ; 0          ; 0            ; 0           ; 1           ; 0          ; 0           ; 0             ; 0              ; 0         ; 0              ; 0             ; 0             ; 1          ;
; state.s_xor    ; 0          ; 0            ; 1           ; 0           ; 0          ; 0           ; 0             ; 0              ; 0         ; 0              ; 0             ; 0             ; 1          ;
; state.s_xnor   ; 0          ; 1            ; 0           ; 0           ; 0          ; 0           ; 0             ; 0              ; 0         ; 0              ; 0             ; 0             ; 1          ;
; state.show     ; 1          ; 0            ; 0           ; 0           ; 0          ; 0           ; 0             ; 0              ; 0         ; 0              ; 0             ; 0             ; 1          ;
+----------------+------------+--------------+-------------+-------------+------------+-------------+---------------+----------------+-----------+----------------+---------------+---------------+------------+


+---------------------------------------------------------------------------------------------------------------------------+
; User-Specified and Inferred Latches                                                                                       ;
+-----------------------------------------------------+--------------------------------------------+------------------------+
; Latch Name                                          ; Latch Enable Signal                        ; Free of Timing Hazards ;
+-----------------------------------------------------+--------------------------------------------+------------------------+
; convert3Disp:conv|n0[0]                             ; convert3Disp:conv|convert2Disp7:conv1|Mux6 ; yes                    ;
; convert3Disp:conv|n0[2]                             ; convert3Disp:conv|convert2Disp7:conv1|Mux6 ; yes                    ;
; convert3Disp:conv|n0[3]                             ; convert3Disp:conv|convert2Disp7:conv1|Mux6 ; yes                    ;
; convert3Disp:conv|n0[1]                             ; convert3Disp:conv|convert2Disp7:conv1|Mux6 ; yes                    ;
; convert3Disp:conv|n1[2]                             ; convert3Disp:conv|Mux15                    ; yes                    ;
; convert3Disp:conv|n1[1]                             ; convert3Disp:conv|Mux15                    ; yes                    ;
; convert3Disp:conv|n1[0]                             ; convert3Disp:conv|Mux15                    ; yes                    ;
; convert3Disp:conv|signalIn                          ; convert3Disp:conv|Mux4                     ; yes                    ;
; convert3Disp:conv|n2[0]                             ; convert3Disp:conv|convert2Disp7:conv2|Mux6 ; yes                    ;
; convert3Disp:conv|n2[1]                             ; convert3Disp:conv|convert2Disp7:conv2|Mux6 ; yes                    ;
; convert3Disp:conv|absNum[0]                         ; convert3Disp:conv|Mux4                     ; yes                    ;
; convert3Disp:conv|absNum[2]                         ; convert3Disp:conv|Mux4                     ; yes                    ;
; convert3Disp:conv|absNum[3]                         ; convert3Disp:conv|Mux4                     ; yes                    ;
; convert3Disp:conv|absNum[1]                         ; convert3Disp:conv|Mux4                     ; yes                    ;
; convert3Disp:conv|absNum[4]                         ; convert3Disp:conv|Mux4                     ; yes                    ;
; Number of user-specified and inferred latches = 15  ;                                            ;                        ;
+-----------------------------------------------------+--------------------------------------------+------------------------+
Note: All latches listed above may not be present at the end of synthesis due to various synthesis optimizations.


+--------------------------------------------------------------------------------+
; Registers Removed During Synthesis                                             ;
+---------------------------------------+----------------------------------------+
; Register name                         ; Reason for Removal                     ;
+---------------------------------------+----------------------------------------+
; c2num_b[5]                            ; Merged with c2num_b[4]                 ;
; c2num_a[5]                            ; Merged with c2num_a[4]                 ;
; num_a[4]                              ; Stuck at GND due to stuck port data_in ;
; num_b[4]                              ; Stuck at GND due to stuck port data_in ;
; Total Number of Removed Registers = 4 ;                                        ;
+---------------------------------------+----------------------------------------+


+------------------------------------------------------+
; General Register Statistics                          ;
+----------------------------------------------+-------+
; Statistic                                    ; Value ;
+----------------------------------------------+-------+
; Total registers                              ; 77    ;
; Number of registers using Synchronous Clear  ; 14    ;
; Number of registers using Synchronous Load   ; 0     ;
; Number of registers using Asynchronous Clear ; 39    ;
; Number of registers using Asynchronous Load  ; 0     ;
; Number of registers using Clock Enable       ; 36    ;
; Number of registers using Preset             ; 0     ;
+----------------------------------------------+-------+


+-------------------------------------------------------------------------------------------------------------------------------------------------+
; Multiplexer Restructuring Statistics (Restructuring Performed)                                                                                  ;
+--------------------+-----------+---------------+----------------------+------------------------+------------+-----------------------------------+
; Multiplexer Inputs ; Bus Width ; Baseline Area ; Area if Restructured ; Saving if Restructured ; Registered ; Example Multiplexer Output        ;
+--------------------+-----------+---------------+----------------------+------------------------+------------+-----------------------------------+
; 4:1                ; 4 bits    ; 8 LEs         ; 8 LEs                ; 0 LEs                  ; Yes        ; |project3|temp[3]                 ;
; 7:1                ; 4 bits    ; 16 LEs        ; 16 LEs               ; 0 LEs                  ; Yes        ; |project3|led[2]~reg0             ;
; 9:1                ; 3 bits    ; 18 LEs        ; 9 LEs                ; 9 LEs                  ; Yes        ; |project3|result[0]               ;
; 3:1                ; 5 bits    ; 10 LEs        ; 10 LEs               ; 0 LEs                  ; No         ; |project3|convert3Disp:conv|Mux18 ;
; 1:1                ; 6 bits    ; 0 LEs         ; 0 LEs                ; 0 LEs                  ; No         ; |project3|convert3Disp:conv|Mux19 ;
; 7:1                ; 2 bits    ; 8 LEs         ; 4 LEs                ; 4 LEs                  ; No         ; |project3|Selector36              ;
; 8:1                ; 8 bits    ; 40 LEs        ; 16 LEs               ; 24 LEs                 ; No         ; |project3|Selector34              ;
+--------------------+-----------+---------------+----------------------+------------------------+------------+-----------------------------------+


+------------------------------------------------------------------------------------+
; Parameter Settings for Inferred Entity Instance: convert3Disp:conv|lpm_divide:Mod0 ;
+------------------------+----------------+------------------------------------------+
; Parameter Name         ; Value          ; Type                                     ;
+------------------------+----------------+------------------------------------------+
; LPM_WIDTHN             ; 5              ; Untyped                                  ;
; LPM_WIDTHD             ; 5              ; Untyped                                  ;
; LPM_NREPRESENTATION    ; UNSIGNED       ; Untyped                                  ;
; LPM_DREPRESENTATION    ; UNSIGNED       ; Untyped                                  ;
; LPM_PIPELINE           ; 0              ; Untyped                                  ;
; LPM_REMAINDERPOSITIVE  ; TRUE           ; Untyped                                  ;
; MAXIMIZE_SPEED         ; 5              ; Untyped                                  ;
; CBXI_PARAMETER         ; lpm_divide_25m ; Untyped                                  ;
; CARRY_CHAIN            ; MANUAL         ; Untyped                                  ;
; OPTIMIZE_FOR_SPEED     ; 5              ; Untyped                                  ;
; AUTO_CARRY_CHAINS      ; ON             ; AUTO_CARRY                               ;
; IGNORE_CARRY_BUFFERS   ; OFF            ; IGNORE_CARRY                             ;
; AUTO_CASCADE_CHAINS    ; ON             ; AUTO_CASCADE                             ;
; IGNORE_CASCADE_BUFFERS ; OFF            ; IGNORE_CASCADE                           ;
+------------------------+----------------+------------------------------------------+
Note: In order to hide this table in the UI and the text report file, please set the "Show Parameter Settings in Synthesis Report" option in "Analysis and Synthesis Settings -> More Settings" to "Off".


+------------------------------------------------------------------------------------+
; Parameter Settings for Inferred Entity Instance: convert3Disp:conv|lpm_divide:Div0 ;
+------------------------+----------------+------------------------------------------+
; Parameter Name         ; Value          ; Type                                     ;
+------------------------+----------------+------------------------------------------+
; LPM_WIDTHN             ; 5              ; Untyped                                  ;
; LPM_WIDTHD             ; 4              ; Untyped                                  ;
; LPM_NREPRESENTATION    ; UNSIGNED       ; Untyped                                  ;
; LPM_DREPRESENTATION    ; UNSIGNED       ; Untyped                                  ;
; LPM_PIPELINE           ; 0              ; Untyped                                  ;
; LPM_REMAINDERPOSITIVE  ; TRUE           ; Untyped                                  ;
; MAXIMIZE_SPEED         ; 5              ; Untyped                                  ;
; CBXI_PARAMETER         ; lpm_divide_ucm ; Untyped                                  ;
; CARRY_CHAIN            ; MANUAL         ; Untyped                                  ;
; OPTIMIZE_FOR_SPEED     ; 5              ; Untyped                                  ;
; AUTO_CARRY_CHAINS      ; ON             ; AUTO_CARRY                               ;
; IGNORE_CARRY_BUFFERS   ; OFF            ; IGNORE_CARRY                             ;
; AUTO_CASCADE_CHAINS    ; ON             ; AUTO_CASCADE                             ;
; IGNORE_CASCADE_BUFFERS ; OFF            ; IGNORE_CASCADE                           ;
+------------------------+----------------+------------------------------------------+
Note: In order to hide this table in the UI and the text report file, please set the "Show Parameter Settings in Synthesis Report" option in "Analysis and Synthesis Settings -> More Settings" to "Off".


+-------------------------------+
; Elapsed Time Per Partition    ;
+----------------+--------------+
; Partition Name ; Elapsed Time ;
+----------------+--------------+
; Top            ; 00:00:04     ;
+----------------+--------------+


+-------------------------------+
; Analysis & Synthesis Messages ;
+-------------------------------+
Info: *******************************************************************
Info: Running Quartus II 64-Bit Analysis & Synthesis
    Info: Version 13.0.1 Build 232 06/12/2013 Service Pack 1 SJ Web Edition
    Info: Processing started: Mon Jun 10 17:05:52 2019
Info: Command: quartus_map --read_settings_files=on --write_settings_files=off project3 -c project3
Warning (20028): Parallel compilation is not licensed and has been disabled
Info (12021): Found 2 design units, including 1 entities, in source file convert3disp.vhd
    Info (12022): Found design unit 1: convert3Disp-behaviour
    Info (12023): Found entity 1: convert3Disp
Info (12021): Found 2 design units, including 1 entities, in source file convert2disp7.vhd
    Info (12022): Found design unit 1: convert2Disp7-behaviour
    Info (12023): Found entity 1: convert2Disp7
Info (12021): Found 2 design units, including 1 entities, in source file clockdiv.vhd
    Info (12022): Found design unit 1: ClockDiv-clk1Hz
    Info (12023): Found entity 1: ClockDiv
Info (12021): Found 2 design units, including 1 entities, in source file project3.vhd
    Info (12022): Found design unit 1: project3-behaviour
    Info (12023): Found entity 1: project3
Info (12127): Elaborating entity "project3" for the top level hierarchy
Info (12128): Elaborating entity "convert3Disp" for hierarchy "convert3Disp:conv"
Warning (10631): VHDL Process Statement warning at convert3Disp.vhd(28): inferring latch(es) for signal or variable "absNum", which holds its previous value in one or more paths through the process
Warning (10631): VHDL Process Statement warning at convert3Disp.vhd(28): inferring latch(es) for signal or variable "n1", which holds its previous value in one or more paths through the process
Warning (10631): VHDL Process Statement warning at convert3Disp.vhd(28): inferring latch(es) for signal or variable "n0", which holds its previous value in one or more paths through the process
Warning (10631): VHDL Process Statement warning at convert3Disp.vhd(28): inferring latch(es) for signal or variable "signalIn", which holds its previous value in one or more paths through the process
Warning (10631): VHDL Process Statement warning at convert3Disp.vhd(28): inferring latch(es) for signal or variable "n2", which holds its previous value in one or more paths through the process
Info (10041): Inferred latch for "n2[0]" at convert3Disp.vhd(28)
Info (10041): Inferred latch for "n2[1]" at convert3Disp.vhd(28)
Info (10041): Inferred latch for "n2[2]" at convert3Disp.vhd(28)
Info (10041): Inferred latch for "n2[3]" at convert3Disp.vhd(28)
Info (10041): Inferred latch for "signalIn" at convert3Disp.vhd(28)
Info (10041): Inferred latch for "n0[0]" at convert3Disp.vhd(28)
Info (10041): Inferred latch for "n0[1]" at convert3Disp.vhd(28)
Info (10041): Inferred latch for "n0[2]" at convert3Disp.vhd(28)
Info (10041): Inferred latch for "n0[3]" at convert3Disp.vhd(28)
Info (10041): Inferred latch for "n1[0]" at convert3Disp.vhd(28)
Info (10041): Inferred latch for "n1[1]" at convert3Disp.vhd(28)
Info (10041): Inferred latch for "n1[2]" at convert3Disp.vhd(28)
Info (10041): Inferred latch for "n1[3]" at convert3Disp.vhd(28)
Info (10041): Inferred latch for "absNum[0]" at convert3Disp.vhd(28)
Info (10041): Inferred latch for "absNum[1]" at convert3Disp.vhd(28)
Info (10041): Inferred latch for "absNum[2]" at convert3Disp.vhd(28)
Info (10041): Inferred latch for "absNum[3]" at convert3Disp.vhd(28)
Info (10041): Inferred latch for "absNum[4]" at convert3Disp.vhd(28)
Info (12128): Elaborating entity "convert2Disp7" for hierarchy "convert3Disp:conv|convert2Disp7:conv2"
Info (12128): Elaborating entity "ClockDiv" for hierarchy "ClockDiv:div"
Info (278001): Inferred 2 megafunctions from design logic
    Info (278004): Inferred divider/modulo megafunction ("lpm_divide") from the following logic: "convert3Disp:conv|Mod0"
    Info (278004): Inferred divider/modulo megafunction ("lpm_divide") from the following logic: "convert3Disp:conv|Div0"
Info (12130): Elaborated megafunction instantiation "convert3Disp:conv|lpm_divide:Mod0"
Info (12133): Instantiated megafunction "convert3Disp:conv|lpm_divide:Mod0" with the following parameter:
    Info (12134): Parameter "LPM_WIDTHN" = "5"
    Info (12134): Parameter "LPM_WIDTHD" = "5"
    Info (12134): Parameter "LPM_NREPRESENTATION" = "UNSIGNED"
    Info (12134): Parameter "LPM_DREPRESENTATION" = "UNSIGNED"
Info (12021): Found 1 design units, including 1 entities, in source file db/lpm_divide_25m.tdf
    Info (12023): Found entity 1: lpm_divide_25m
Info (12021): Found 1 design units, including 1 entities, in source file db/sign_div_unsign_9kh.tdf
    Info (12023): Found entity 1: sign_div_unsign_9kh
Info (12021): Found 1 design units, including 1 entities, in source file db/alt_u_div_kve.tdf
    Info (12023): Found entity 1: alt_u_div_kve
Info (12021): Found 1 design units, including 1 entities, in source file db/add_sub_lkc.tdf
    Info (12023): Found entity 1: add_sub_lkc
Info (12021): Found 1 design units, including 1 entities, in source file db/add_sub_mkc.tdf
    Info (12023): Found entity 1: add_sub_mkc
Info (12130): Elaborated megafunction instantiation "convert3Disp:conv|lpm_divide:Div0"
Info (12133): Instantiated megafunction "convert3Disp:conv|lpm_divide:Div0" with the following parameter:
    Info (12134): Parameter "LPM_WIDTHN" = "5"
    Info (12134): Parameter "LPM_WIDTHD" = "4"
    Info (12134): Parameter "LPM_NREPRESENTATION" = "UNSIGNED"
    Info (12134): Parameter "LPM_DREPRESENTATION" = "UNSIGNED"
Info (12021): Found 1 design units, including 1 entities, in source file db/lpm_divide_ucm.tdf
    Info (12023): Found entity 1: lpm_divide_ucm
Info (12021): Found 1 design units, including 1 entities, in source file db/sign_div_unsign_8kh.tdf
    Info (12023): Found entity 1: sign_div_unsign_8kh
Info (12021): Found 1 design units, including 1 entities, in source file db/alt_u_div_ive.tdf
    Info (12023): Found entity 1: alt_u_div_ive
Warning (13012): Latch convert3Disp:conv|n0[0] has unsafe behavior
    Warning (13013): Ports D and ENA on the latch are fed by the same signal modus[1]
Warning (13012): Latch convert3Disp:conv|n0[2] has unsafe behavior
    Warning (13013): Ports D and ENA on the latch are fed by the same signal modus[0]
Warning (13012): Latch convert3Disp:conv|n0[3] has unsafe behavior
    Warning (13013): Ports D and ENA on the latch are fed by the same signal modus[1]
Warning (13012): Latch convert3Disp:conv|n0[1] has unsafe behavior
    Warning (13013): Ports D and ENA on the latch are fed by the same signal modus[0]
Warning (13012): Latch convert3Disp:conv|n1[2] has unsafe behavior
    Warning (13013): Ports D and ENA on the latch are fed by the same signal modus[0]
Warning (13012): Latch convert3Disp:conv|n1[1] has unsafe behavior
    Warning (13013): Ports D and ENA on the latch are fed by the same signal modus[0]
Warning (13012): Latch convert3Disp:conv|n1[0] has unsafe behavior
    Warning (13013): Ports D and ENA on the latch are fed by the same signal modus[0]
Warning (13012): Latch convert3Disp:conv|n2[0] has unsafe behavior
    Warning (13013): Ports D and ENA on the latch are fed by the same signal modus[0]
Warning (13012): Latch convert3Disp:conv|n2[1] has unsafe behavior
    Warning (13013): Ports D and ENA on the latch are fed by the same signal modus[0]
Info (144001): Generated suppressed messages file C:/Users/jeffi/Google Drive/01 - UFRN/2019.1/Lab. Sistemas Digitais/Unidade III/Projeto III/Projeto 3/output_files/project3.map.smsg
Info (16010): Generating hard_block partition "hard_block:auto_generated_inst"
    Info (16011): Adding 0 node(s), including 0 DDIO, 0 PLL, 0 transceiver and 0 LCELL
Info (21057): Implemented 324 device resources after synthesis - the final resource count might be different
    Info (21058): Implemented 11 input pins
    Info (21059): Implemented 25 output pins
    Info (21061): Implemented 288 logic cells
Info: Quartus II 64-Bit Analysis & Synthesis was successful. 0 errors, 24 warnings
    Info: Peak virtual memory: 4681 megabytes
    Info: Processing ended: Mon Jun 10 17:06:02 2019
    Info: Elapsed time: 00:00:10
    Info: Total CPU time (on all processors): 00:00:08


+------------------------------------------+
; Analysis & Synthesis Suppressed Messages ;
+------------------------------------------+
The suppressed messages can be found in C:/Users/jeffi/Google Drive/01 - UFRN/2019.1/Lab. Sistemas Digitais/Unidade III/Projeto III/Projeto 3/output_files/project3.map.smsg.


