TimeQuest Timing Analyzer report for convert3Disp
Tue May 21 21:39:49 2019
Quartus II 64-Bit Version 13.0.1 Build 232 06/12/2013 Service Pack 1 SJ Web Edition


---------------------
; Table of Contents ;
---------------------
  1. Legal Notice
  2. TimeQuest Timing Analyzer Summary
  3. Parallel Compilation
  4. Clocks
  5. Slow Model Fmax Summary
  6. Slow Model Setup Summary
  7. Slow Model Hold Summary
  8. Slow Model Recovery Summary
  9. Slow Model Removal Summary
 10. Slow Model Minimum Pulse Width Summary
 11. Propagation Delay
 12. Minimum Propagation Delay
 13. Fast Model Setup Summary
 14. Fast Model Hold Summary
 15. Fast Model Recovery Summary
 16. Fast Model Removal Summary
 17. Fast Model Minimum Pulse Width Summary
 18. Propagation Delay
 19. Minimum Propagation Delay
 20. Multicorner Timing Analysis Summary
 21. Progagation Delay
 22. Minimum Progagation Delay
 23. Clock Transfers
 24. Report TCCS
 25. Report RSKM
 26. Unconstrained Paths
 27. TimeQuest Timing Analyzer Messages



----------------
; Legal Notice ;
----------------
Copyright (C) 1991-2013 Altera Corporation
Your use of Altera Corporation's design tools, logic functions 
and other software and tools, and its AMPP partner logic 
functions, and any output files from any of the foregoing 
(including device programming or simulation files), and any 
associated documentation or information are expressly subject 
to the terms and conditions of the Altera Program License 
Subscription Agreement, Altera MegaCore Function License 
Agreement, or other applicable license agreement, including, 
without limitation, that your use is for the sole purpose of 
programming logic devices manufactured by Altera and sold by 
Altera or its authorized distributors.  Please refer to the 
applicable agreement for further details.



+----------------------------------------------------------------------------------------+
; TimeQuest Timing Analyzer Summary                                                      ;
+--------------------+-------------------------------------------------------------------+
; Quartus II Version ; Version 13.0.1 Build 232 06/12/2013 Service Pack 1 SJ Web Edition ;
; Revision Name      ; convert3Disp                                                      ;
; Device Family      ; Cyclone II                                                        ;
; Device Name        ; EP2C35F672C6                                                      ;
; Timing Models      ; Final                                                             ;
; Delay Model        ; Combined                                                          ;
; Rise/Fall Delays   ; Unavailable                                                       ;
+--------------------+-------------------------------------------------------------------+


Parallel compilation was disabled, but you have multiple processors available. Enable parallel compilation to reduce compilation time.
+-------------------------------------+
; Parallel Compilation                ;
+----------------------------+--------+
; Processors                 ; Number ;
+----------------------------+--------+
; Number detected on machine ; 4      ;
; Maximum allowed            ; 1      ;
+----------------------------+--------+


----------
; Clocks ;
----------
No clocks to report.


---------------------------
; Slow Model Fmax Summary ;
---------------------------
No paths to report.


----------------------------
; Slow Model Setup Summary ;
----------------------------
No paths to report.


---------------------------
; Slow Model Hold Summary ;
---------------------------
No paths to report.


-------------------------------
; Slow Model Recovery Summary ;
-------------------------------
No paths to report.


------------------------------
; Slow Model Removal Summary ;
------------------------------
No paths to report.


------------------------------------------
; Slow Model Minimum Pulse Width Summary ;
------------------------------------------
No paths to report.


+--------------------------------------------------------------+
; Propagation Delay                                            ;
+------------+-------------+--------+--------+--------+--------+
; Input Port ; Output Port ; RR     ; RF     ; FR     ; FF     ;
+------------+-------------+--------+--------+--------+--------+
; num1[0]    ; disp_0[0]   ; 9.700  ; 9.700  ; 9.700  ; 9.700  ;
; num1[0]    ; disp_0[1]   ; 9.475  ; 9.475  ; 9.475  ; 9.475  ;
; num1[0]    ; disp_0[2]   ;        ; 9.443  ; 9.443  ;        ;
; num1[0]    ; disp_0[3]   ; 9.503  ; 9.503  ; 9.503  ; 9.503  ;
; num1[0]    ; disp_0[4]   ; 9.508  ;        ;        ; 9.508  ;
; num1[0]    ; disp_0[5]   ; 9.501  ;        ;        ; 9.501  ;
; num1[0]    ; disp_0[6]   ; 9.698  ;        ;        ; 9.698  ;
; num1[1]    ; disp_0[0]   ; 13.814 ; 13.814 ; 13.814 ; 13.814 ;
; num1[1]    ; disp_0[1]   ; 13.587 ; 13.587 ; 13.587 ; 13.587 ;
; num1[1]    ; disp_0[2]   ; 13.582 ; 13.582 ; 13.582 ; 13.582 ;
; num1[1]    ; disp_0[3]   ; 13.619 ; 13.619 ; 13.619 ; 13.619 ;
; num1[1]    ; disp_0[4]   ; 13.621 ; 13.621 ; 13.621 ; 13.621 ;
; num1[1]    ; disp_0[5]   ; 13.613 ; 13.613 ; 13.613 ; 13.613 ;
; num1[1]    ; disp_0[6]   ; 13.816 ; 13.816 ; 13.816 ; 13.816 ;
; num1[1]    ; disp_1[0]   ; 12.968 ; 12.968 ; 12.968 ; 12.968 ;
; num1[1]    ; disp_1[1]   ; 12.523 ; 12.523 ; 12.523 ; 12.523 ;
; num1[1]    ; disp_1[2]   ;        ; 12.727 ; 12.727 ;        ;
; num1[1]    ; disp_1[3]   ; 12.529 ; 12.529 ; 12.529 ; 12.529 ;
; num1[1]    ; disp_1[4]   ; 12.728 ;        ;        ; 12.728 ;
; num1[1]    ; disp_1[5]   ; 12.513 ;        ;        ; 12.513 ;
; num1[1]    ; disp_1[6]   ; 12.509 ;        ;        ; 12.509 ;
; num1[2]    ; disp_0[0]   ; 16.527 ; 16.527 ; 16.527 ; 16.527 ;
; num1[2]    ; disp_0[1]   ; 16.300 ; 16.300 ; 16.300 ; 16.300 ;
; num1[2]    ; disp_0[2]   ; 16.295 ; 16.295 ; 16.295 ; 16.295 ;
; num1[2]    ; disp_0[3]   ; 16.332 ; 16.332 ; 16.332 ; 16.332 ;
; num1[2]    ; disp_0[4]   ; 16.334 ; 16.334 ; 16.334 ; 16.334 ;
; num1[2]    ; disp_0[5]   ; 16.326 ; 16.326 ; 16.326 ; 16.326 ;
; num1[2]    ; disp_0[6]   ; 16.529 ; 16.529 ; 16.529 ; 16.529 ;
; num1[2]    ; disp_1[0]   ; 16.828 ; 16.828 ; 16.828 ; 16.828 ;
; num1[2]    ; disp_1[1]   ; 16.385 ; 16.385 ; 16.385 ; 16.385 ;
; num1[2]    ; disp_1[2]   ; 16.568 ; 16.568 ; 16.568 ; 16.568 ;
; num1[2]    ; disp_1[3]   ; 16.388 ; 16.388 ; 16.388 ; 16.388 ;
; num1[2]    ; disp_1[4]   ; 15.352 ; 15.372 ; 15.372 ; 15.352 ;
; num1[2]    ; disp_1[5]   ; 16.378 ; 16.378 ; 16.378 ; 16.378 ;
; num1[2]    ; disp_1[6]   ; 16.374 ; 16.374 ; 16.374 ; 16.374 ;
; num1[2]    ; disp_2[0]   ; 14.092 ;        ;        ; 14.092 ;
; num1[2]    ; disp_2[2]   ;        ; 11.912 ; 11.912 ;        ;
; num1[2]    ; disp_2[3]   ; 14.102 ;        ;        ; 14.102 ;
; num1[2]    ; disp_2[4]   ; 11.512 ;        ;        ; 11.512 ;
; num1[2]    ; disp_2[5]   ; 12.131 ;        ;        ; 12.131 ;
; num1[3]    ; disp_0[0]   ; 18.953 ; 18.953 ; 18.953 ; 18.953 ;
; num1[3]    ; disp_0[1]   ; 18.726 ; 18.726 ; 18.726 ; 18.726 ;
; num1[3]    ; disp_0[2]   ; 18.721 ; 18.721 ; 18.721 ; 18.721 ;
; num1[3]    ; disp_0[3]   ; 18.758 ; 18.758 ; 18.758 ; 18.758 ;
; num1[3]    ; disp_0[4]   ; 18.760 ; 18.760 ; 18.760 ; 18.760 ;
; num1[3]    ; disp_0[5]   ; 18.752 ; 18.752 ; 18.752 ; 18.752 ;
; num1[3]    ; disp_0[6]   ; 18.955 ; 18.955 ; 18.955 ; 18.955 ;
; num1[3]    ; disp_1[0]   ; 19.353 ; 19.353 ; 19.353 ; 19.353 ;
; num1[3]    ; disp_1[1]   ; 18.910 ; 18.910 ; 18.910 ; 18.910 ;
; num1[3]    ; disp_1[2]   ; 19.093 ; 19.093 ; 19.093 ; 19.093 ;
; num1[3]    ; disp_1[3]   ; 18.913 ; 18.913 ; 18.913 ; 18.913 ;
; num1[3]    ; disp_1[4]   ; 17.877 ; 17.897 ; 17.897 ; 17.877 ;
; num1[3]    ; disp_1[5]   ; 18.903 ; 18.903 ; 18.903 ; 18.903 ;
; num1[3]    ; disp_1[6]   ; 18.899 ; 18.899 ; 18.899 ; 18.899 ;
; num1[3]    ; disp_2[0]   ; 15.701 ; 15.976 ; 15.976 ; 15.701 ;
; num1[3]    ; disp_2[2]   ; 13.796 ; 13.521 ; 13.521 ; 13.796 ;
; num1[3]    ; disp_2[3]   ; 15.711 ; 15.986 ; 15.986 ; 15.711 ;
; num1[3]    ; disp_2[4]   ; 13.121 ; 13.396 ; 13.396 ; 13.121 ;
; num1[3]    ; disp_2[5]   ; 13.740 ; 14.015 ; 14.015 ; 13.740 ;
; num1[3]    ; disp_2[6]   ;        ; 10.781 ; 10.781 ;        ;
; num1[4]    ; disp_0[0]   ; 21.688 ; 21.688 ; 21.688 ; 21.688 ;
; num1[4]    ; disp_0[1]   ; 21.461 ; 21.461 ; 21.461 ; 21.461 ;
; num1[4]    ; disp_0[2]   ; 21.456 ; 21.456 ; 21.456 ; 21.456 ;
; num1[4]    ; disp_0[3]   ; 21.493 ; 21.493 ; 21.493 ; 21.493 ;
; num1[4]    ; disp_0[4]   ; 21.495 ; 21.495 ; 21.495 ; 21.495 ;
; num1[4]    ; disp_0[5]   ; 21.487 ; 21.487 ; 21.487 ; 21.487 ;
; num1[4]    ; disp_0[6]   ; 21.690 ; 21.690 ; 21.690 ; 21.690 ;
; num1[4]    ; disp_1[0]   ; 21.967 ; 21.967 ; 21.967 ; 21.967 ;
; num1[4]    ; disp_1[1]   ; 21.524 ; 21.524 ; 21.524 ; 21.524 ;
; num1[4]    ; disp_1[2]   ; 21.707 ; 21.707 ; 21.707 ; 21.707 ;
; num1[4]    ; disp_1[3]   ; 21.527 ; 21.527 ; 21.527 ; 21.527 ;
; num1[4]    ; disp_1[4]   ; 20.491 ; 20.511 ; 20.511 ; 20.491 ;
; num1[4]    ; disp_1[5]   ; 21.517 ; 21.517 ; 21.517 ; 21.517 ;
; num1[4]    ; disp_1[6]   ; 21.513 ; 21.513 ; 21.513 ; 21.513 ;
; num1[4]    ; disp_2[0]   ; 15.674 ; 15.949 ; 15.949 ; 15.674 ;
; num1[4]    ; disp_2[2]   ; 13.769 ; 13.494 ; 13.494 ; 13.769 ;
; num1[4]    ; disp_2[3]   ; 15.684 ; 15.959 ; 15.959 ; 15.684 ;
; num1[4]    ; disp_2[4]   ; 13.094 ; 13.369 ; 13.369 ; 13.094 ;
; num1[4]    ; disp_2[5]   ; 13.713 ; 13.988 ; 13.988 ; 13.713 ;
; num1[4]    ; disp_2[6]   ;        ; 10.754 ; 10.754 ;        ;
; num1[5]    ; disp_0[0]   ; 23.042 ; 23.042 ; 23.042 ; 23.042 ;
; num1[5]    ; disp_0[1]   ; 22.815 ; 22.815 ; 22.815 ; 22.815 ;
; num1[5]    ; disp_0[2]   ; 22.810 ; 22.810 ; 22.810 ; 22.810 ;
; num1[5]    ; disp_0[3]   ; 22.847 ; 22.847 ; 22.847 ; 22.847 ;
; num1[5]    ; disp_0[4]   ; 22.849 ; 22.849 ; 22.849 ; 22.849 ;
; num1[5]    ; disp_0[5]   ; 22.841 ; 22.841 ; 22.841 ; 22.841 ;
; num1[5]    ; disp_0[6]   ; 23.044 ; 23.044 ; 23.044 ; 23.044 ;
; num1[5]    ; disp_1[0]   ; 23.294 ; 23.294 ; 23.294 ; 23.294 ;
; num1[5]    ; disp_1[1]   ; 22.851 ; 22.851 ; 22.851 ; 22.851 ;
; num1[5]    ; disp_1[2]   ; 23.034 ; 23.034 ; 23.034 ; 23.034 ;
; num1[5]    ; disp_1[3]   ; 22.854 ; 22.854 ; 22.854 ; 22.854 ;
; num1[5]    ; disp_1[4]   ; 21.818 ; 21.838 ; 21.838 ; 21.818 ;
; num1[5]    ; disp_1[5]   ; 22.844 ; 22.844 ; 22.844 ; 22.844 ;
; num1[5]    ; disp_1[6]   ; 22.840 ; 22.840 ; 22.840 ; 22.840 ;
; num1[5]    ; disp_2[0]   ; 15.744 ; 16.019 ; 16.019 ; 15.744 ;
; num1[5]    ; disp_2[2]   ; 13.839 ; 13.564 ; 13.564 ; 13.839 ;
; num1[5]    ; disp_2[3]   ; 15.754 ; 16.029 ; 16.029 ; 15.754 ;
; num1[5]    ; disp_2[4]   ; 13.164 ; 13.439 ; 13.439 ; 13.164 ;
; num1[5]    ; disp_2[5]   ; 13.783 ; 14.058 ; 14.058 ; 13.783 ;
; num1[5]    ; disp_2[6]   ;        ; 10.824 ; 10.824 ;        ;
; num1[6]    ; disp_0[0]   ; 19.265 ; 19.265 ; 19.265 ; 19.265 ;
; num1[6]    ; disp_0[1]   ; 19.038 ; 19.038 ; 19.038 ; 19.038 ;
; num1[6]    ; disp_0[2]   ; 19.033 ; 19.033 ; 19.033 ; 19.033 ;
; num1[6]    ; disp_0[3]   ; 19.070 ; 19.070 ; 19.070 ; 19.070 ;
; num1[6]    ; disp_0[4]   ; 19.072 ; 19.072 ; 19.072 ; 19.072 ;
; num1[6]    ; disp_0[5]   ; 19.064 ; 19.064 ; 19.064 ; 19.064 ;
; num1[6]    ; disp_0[6]   ; 19.267 ; 19.267 ; 19.267 ; 19.267 ;
; num1[6]    ; disp_1[0]   ; 19.701 ; 19.701 ; 19.701 ; 19.701 ;
; num1[6]    ; disp_1[1]   ; 19.258 ; 19.258 ; 19.258 ; 19.258 ;
; num1[6]    ; disp_1[2]   ; 19.441 ; 19.441 ; 19.441 ; 19.441 ;
; num1[6]    ; disp_1[3]   ; 19.261 ; 19.261 ; 19.261 ; 19.261 ;
; num1[6]    ; disp_1[4]   ; 18.225 ; 18.245 ; 18.245 ; 18.225 ;
; num1[6]    ; disp_1[5]   ; 19.251 ; 19.251 ; 19.251 ; 19.251 ;
; num1[6]    ; disp_1[6]   ; 19.247 ; 19.247 ; 19.247 ; 19.247 ;
; num1[6]    ; disp_2[0]   ; 11.166 ; 11.441 ; 11.441 ; 11.166 ;
; num1[6]    ; disp_2[2]   ; 9.261  ; 8.986  ; 8.986  ; 9.261  ;
; num1[6]    ; disp_2[3]   ; 11.176 ; 11.451 ; 11.451 ; 11.176 ;
; num1[6]    ; disp_2[4]   ; 8.586  ; 8.861  ; 8.861  ; 8.586  ;
; num1[6]    ; disp_2[5]   ; 9.205  ; 9.480  ; 9.480  ; 9.205  ;
; num1[6]    ; disp_2[6]   ;        ; 6.246  ; 6.246  ;        ;
; num1[7]    ; disp_0[0]   ; 19.323 ; 19.323 ; 19.323 ; 19.323 ;
; num1[7]    ; disp_0[1]   ; 19.096 ; 19.096 ; 19.096 ; 19.096 ;
; num1[7]    ; disp_0[2]   ; 19.091 ; 19.091 ; 19.091 ; 19.091 ;
; num1[7]    ; disp_0[3]   ; 19.128 ; 19.128 ; 19.128 ; 19.128 ;
; num1[7]    ; disp_0[4]   ; 19.130 ; 19.130 ; 19.130 ; 19.130 ;
; num1[7]    ; disp_0[5]   ; 19.122 ; 19.122 ; 19.122 ; 19.122 ;
; num1[7]    ; disp_0[6]   ; 19.325 ; 19.325 ; 19.325 ; 19.325 ;
; num1[7]    ; disp_1[0]   ; 20.146 ; 20.146 ; 20.146 ; 20.146 ;
; num1[7]    ; disp_1[1]   ; 19.703 ; 19.703 ; 19.703 ; 19.703 ;
; num1[7]    ; disp_1[2]   ; 19.886 ; 19.886 ; 19.886 ; 19.886 ;
; num1[7]    ; disp_1[3]   ; 19.706 ; 19.706 ; 19.706 ; 19.706 ;
; num1[7]    ; disp_1[4]   ; 18.670 ; 18.690 ; 18.690 ; 18.670 ;
; num1[7]    ; disp_1[5]   ; 19.696 ; 19.696 ; 19.696 ; 19.696 ;
; num1[7]    ; disp_1[6]   ; 19.692 ; 19.692 ; 19.692 ; 19.692 ;
; num1[7]    ; disp_2[0]   ; 11.086 ; 11.361 ; 11.361 ; 11.086 ;
; num1[7]    ; disp_2[2]   ; 9.181  ; 8.906  ; 8.906  ; 9.181  ;
; num1[7]    ; disp_2[3]   ; 11.096 ; 11.371 ; 11.371 ; 11.096 ;
; num1[7]    ; disp_2[4]   ; 8.506  ; 8.781  ; 8.781  ; 8.506  ;
; num1[7]    ; disp_2[5]   ; 9.125  ; 9.400  ; 9.400  ; 9.125  ;
; num1[7]    ; disp_2[6]   ;        ; 6.166  ; 6.166  ;        ;
+------------+-------------+--------+--------+--------+--------+


+--------------------------------------------------------------+
; Minimum Propagation Delay                                    ;
+------------+-------------+--------+--------+--------+--------+
; Input Port ; Output Port ; RR     ; RF     ; FR     ; FF     ;
+------------+-------------+--------+--------+--------+--------+
; num1[0]    ; disp_0[0]   ; 9.700  ; 9.700  ; 9.700  ; 9.700  ;
; num1[0]    ; disp_0[1]   ; 9.475  ; 9.475  ; 9.475  ; 9.475  ;
; num1[0]    ; disp_0[2]   ;        ; 9.443  ; 9.443  ;        ;
; num1[0]    ; disp_0[3]   ; 9.503  ; 9.503  ; 9.503  ; 9.503  ;
; num1[0]    ; disp_0[4]   ; 9.508  ;        ;        ; 9.508  ;
; num1[0]    ; disp_0[5]   ; 9.501  ;        ;        ; 9.501  ;
; num1[0]    ; disp_0[6]   ; 9.698  ;        ;        ; 9.698  ;
; num1[1]    ; disp_0[0]   ; 11.910 ; 11.910 ; 11.910 ; 11.910 ;
; num1[1]    ; disp_0[1]   ; 11.707 ; 11.707 ; 11.707 ; 11.707 ;
; num1[1]    ; disp_0[2]   ; 11.705 ; 12.760 ; 12.760 ; 11.705 ;
; num1[1]    ; disp_0[3]   ; 11.738 ; 11.738 ; 11.738 ; 11.738 ;
; num1[1]    ; disp_0[4]   ; 11.748 ; 11.748 ; 11.748 ; 11.748 ;
; num1[1]    ; disp_0[5]   ; 11.741 ; 12.796 ; 12.796 ; 11.741 ;
; num1[1]    ; disp_0[6]   ; 11.935 ; 11.935 ; 11.935 ; 11.935 ;
; num1[1]    ; disp_1[0]   ; 12.602 ; 12.602 ; 12.602 ; 12.602 ;
; num1[1]    ; disp_1[1]   ; 12.157 ; 12.157 ; 12.157 ; 12.157 ;
; num1[1]    ; disp_1[2]   ;        ; 12.361 ; 12.361 ;        ;
; num1[1]    ; disp_1[3]   ; 12.163 ; 12.163 ; 12.163 ; 12.163 ;
; num1[1]    ; disp_1[4]   ; 12.362 ;        ;        ; 12.362 ;
; num1[1]    ; disp_1[5]   ; 12.147 ;        ;        ; 12.147 ;
; num1[1]    ; disp_1[6]   ; 12.143 ;        ;        ; 12.143 ;
; num1[2]    ; disp_0[0]   ; 12.609 ; 12.609 ; 12.609 ; 12.609 ;
; num1[2]    ; disp_0[1]   ; 12.382 ; 12.878 ; 12.878 ; 12.382 ;
; num1[2]    ; disp_0[2]   ; 12.368 ; 12.368 ; 12.368 ; 12.368 ;
; num1[2]    ; disp_0[3]   ; 12.414 ; 12.414 ; 12.414 ; 12.414 ;
; num1[2]    ; disp_0[4]   ; 12.399 ; 12.895 ; 12.895 ; 12.399 ;
; num1[2]    ; disp_0[5]   ; 12.393 ; 12.393 ; 12.393 ; 12.393 ;
; num1[2]    ; disp_0[6]   ; 12.610 ; 12.610 ; 12.610 ; 12.610 ;
; num1[2]    ; disp_1[0]   ; 12.380 ; 12.380 ; 12.380 ; 12.380 ;
; num1[2]    ; disp_1[1]   ; 11.935 ; 11.935 ; 11.935 ; 11.935 ;
; num1[2]    ; disp_1[2]   ; 13.890 ; 12.139 ; 12.139 ; 13.890 ;
; num1[2]    ; disp_1[3]   ; 11.941 ; 11.941 ; 11.941 ; 11.941 ;
; num1[2]    ; disp_1[4]   ; 12.140 ; 13.891 ; 13.891 ; 12.140 ;
; num1[2]    ; disp_1[5]   ; 11.925 ; 13.676 ; 13.676 ; 11.925 ;
; num1[2]    ; disp_1[6]   ; 11.921 ; 13.672 ; 13.672 ; 11.921 ;
; num1[2]    ; disp_2[0]   ; 13.856 ;        ;        ; 13.856 ;
; num1[2]    ; disp_2[2]   ;        ; 11.676 ; 11.676 ;        ;
; num1[2]    ; disp_2[3]   ; 13.866 ;        ;        ; 13.866 ;
; num1[2]    ; disp_2[4]   ; 11.276 ;        ;        ; 11.276 ;
; num1[2]    ; disp_2[5]   ; 11.895 ;        ;        ; 11.895 ;
; num1[3]    ; disp_0[0]   ; 12.852 ; 12.852 ; 12.852 ; 12.852 ;
; num1[3]    ; disp_0[1]   ; 12.625 ; 13.021 ; 13.021 ; 12.625 ;
; num1[3]    ; disp_0[2]   ; 12.620 ; 13.016 ; 13.016 ; 12.620 ;
; num1[3]    ; disp_0[3]   ; 12.657 ; 12.657 ; 12.657 ; 12.657 ;
; num1[3]    ; disp_0[4]   ; 12.659 ; 13.055 ; 13.055 ; 12.659 ;
; num1[3]    ; disp_0[5]   ; 12.651 ; 12.651 ; 12.651 ; 12.651 ;
; num1[3]    ; disp_0[6]   ; 12.854 ; 12.854 ; 12.854 ; 12.854 ;
; num1[3]    ; disp_1[0]   ; 13.078 ; 13.078 ; 13.078 ; 13.078 ;
; num1[3]    ; disp_1[1]   ; 12.633 ; 12.633 ; 12.633 ; 12.633 ;
; num1[3]    ; disp_1[2]   ; 13.759 ; 12.837 ; 12.837 ; 13.759 ;
; num1[3]    ; disp_1[3]   ; 12.639 ; 12.639 ; 12.639 ; 12.639 ;
; num1[3]    ; disp_1[4]   ; 12.838 ; 13.760 ; 13.760 ; 12.838 ;
; num1[3]    ; disp_1[5]   ; 12.623 ; 13.545 ; 13.545 ; 12.623 ;
; num1[3]    ; disp_1[6]   ; 12.619 ; 13.541 ; 13.541 ; 12.619 ;
; num1[3]    ; disp_2[0]   ; 13.524 ; 13.900 ; 13.900 ; 13.524 ;
; num1[3]    ; disp_2[2]   ; 11.745 ; 11.344 ; 11.344 ; 11.745 ;
; num1[3]    ; disp_2[3]   ; 13.534 ; 13.910 ; 13.910 ; 13.534 ;
; num1[3]    ; disp_2[4]   ; 10.944 ; 12.067 ; 12.067 ; 10.944 ;
; num1[3]    ; disp_2[5]   ; 11.563 ; 12.686 ; 12.686 ; 11.563 ;
; num1[3]    ; disp_2[6]   ;        ; 10.781 ; 10.781 ;        ;
; num1[4]    ; disp_0[0]   ; 14.385 ; 14.385 ; 14.385 ; 14.385 ;
; num1[4]    ; disp_0[1]   ; 14.158 ; 14.158 ; 14.158 ; 14.158 ;
; num1[4]    ; disp_0[2]   ; 14.144 ; 14.144 ; 14.144 ; 14.144 ;
; num1[4]    ; disp_0[3]   ; 14.190 ; 14.190 ; 14.190 ; 14.190 ;
; num1[4]    ; disp_0[4]   ; 14.175 ; 14.175 ; 14.175 ; 14.175 ;
; num1[4]    ; disp_0[5]   ; 14.169 ; 14.169 ; 14.169 ; 14.169 ;
; num1[4]    ; disp_0[6]   ; 14.386 ; 14.386 ; 14.386 ; 14.386 ;
; num1[4]    ; disp_1[0]   ; 12.864 ; 12.864 ; 12.864 ; 12.864 ;
; num1[4]    ; disp_1[1]   ; 12.419 ; 12.419 ; 12.419 ; 12.419 ;
; num1[4]    ; disp_1[2]   ; 13.382 ; 12.623 ; 12.623 ; 13.382 ;
; num1[4]    ; disp_1[3]   ; 12.425 ; 12.425 ; 12.425 ; 12.425 ;
; num1[4]    ; disp_1[4]   ; 12.624 ; 13.383 ; 13.383 ; 12.624 ;
; num1[4]    ; disp_1[5]   ; 12.409 ; 13.168 ; 13.168 ; 12.409 ;
; num1[4]    ; disp_1[6]   ; 12.405 ; 13.164 ; 13.164 ; 12.405 ;
; num1[4]    ; disp_2[0]   ; 13.645 ; 13.873 ; 13.873 ; 13.645 ;
; num1[4]    ; disp_2[2]   ; 11.718 ; 11.465 ; 11.465 ; 11.718 ;
; num1[4]    ; disp_2[3]   ; 13.655 ; 13.883 ; 13.883 ; 13.655 ;
; num1[4]    ; disp_2[4]   ; 11.065 ; 11.764 ; 11.764 ; 11.065 ;
; num1[4]    ; disp_2[5]   ; 11.684 ; 12.383 ; 12.383 ; 11.684 ;
; num1[4]    ; disp_2[6]   ;        ; 10.754 ; 10.754 ;        ;
; num1[5]    ; disp_0[0]   ; 15.162 ; 15.162 ; 15.162 ; 15.162 ;
; num1[5]    ; disp_0[1]   ; 14.935 ; 14.935 ; 14.935 ; 14.935 ;
; num1[5]    ; disp_0[2]   ; 14.930 ; 14.930 ; 14.930 ; 14.930 ;
; num1[5]    ; disp_0[3]   ; 14.967 ; 14.967 ; 14.967 ; 14.967 ;
; num1[5]    ; disp_0[4]   ; 14.969 ; 14.969 ; 14.969 ; 14.969 ;
; num1[5]    ; disp_0[5]   ; 14.961 ; 14.961 ; 14.961 ; 14.961 ;
; num1[5]    ; disp_0[6]   ; 15.164 ; 15.164 ; 15.164 ; 15.164 ;
; num1[5]    ; disp_1[0]   ; 14.480 ; 14.480 ; 14.480 ; 14.480 ;
; num1[5]    ; disp_1[1]   ; 14.036 ; 14.158 ; 14.158 ; 14.036 ;
; num1[5]    ; disp_1[2]   ; 14.244 ; 14.362 ; 14.362 ; 14.244 ;
; num1[5]    ; disp_1[3]   ; 14.038 ; 14.038 ; 14.038 ; 14.038 ;
; num1[5]    ; disp_1[4]   ; 13.824 ; 13.824 ; 13.824 ; 13.824 ;
; num1[5]    ; disp_1[5]   ; 14.028 ; 14.028 ; 14.028 ; 14.028 ;
; num1[5]    ; disp_1[6]   ; 14.025 ; 14.025 ; 14.025 ; 14.025 ;
; num1[5]    ; disp_2[0]   ; 13.601 ; 13.943 ; 13.943 ; 13.601 ;
; num1[5]    ; disp_2[2]   ; 11.788 ; 11.421 ; 11.421 ; 11.788 ;
; num1[5]    ; disp_2[3]   ; 13.611 ; 13.953 ; 13.953 ; 13.611 ;
; num1[5]    ; disp_2[4]   ; 11.021 ; 12.110 ; 12.110 ; 11.021 ;
; num1[5]    ; disp_2[5]   ; 11.640 ; 12.729 ; 12.729 ; 11.640 ;
; num1[5]    ; disp_2[6]   ;        ; 10.824 ; 10.824 ;        ;
; num1[6]    ; disp_0[0]   ; 11.131 ; 11.131 ; 11.131 ; 11.131 ;
; num1[6]    ; disp_0[1]   ; 10.904 ; 10.988 ; 10.988 ; 10.904 ;
; num1[6]    ; disp_0[2]   ; 10.899 ; 10.954 ; 10.954 ; 10.899 ;
; num1[6]    ; disp_0[3]   ; 10.936 ; 10.936 ; 10.936 ; 10.936 ;
; num1[6]    ; disp_0[4]   ; 10.938 ; 11.008 ; 11.008 ; 10.938 ;
; num1[6]    ; disp_0[5]   ; 10.930 ; 10.930 ; 10.930 ; 10.930 ;
; num1[6]    ; disp_0[6]   ; 11.133 ; 11.133 ; 11.133 ; 11.133 ;
; num1[6]    ; disp_1[0]   ; 11.003 ; 11.003 ; 11.003 ; 11.003 ;
; num1[6]    ; disp_1[1]   ; 10.559 ; 10.584 ; 10.584 ; 10.559 ;
; num1[6]    ; disp_1[2]   ; 10.767 ; 10.788 ; 10.788 ; 10.767 ;
; num1[6]    ; disp_1[3]   ; 10.561 ; 10.561 ; 10.561 ; 10.561 ;
; num1[6]    ; disp_1[4]   ; 10.231 ; 10.231 ; 10.231 ; 10.231 ;
; num1[6]    ; disp_1[5]   ; 10.551 ; 10.551 ; 10.551 ; 10.551 ;
; num1[6]    ; disp_1[6]   ; 10.548 ; 10.548 ; 10.548 ; 10.548 ;
; num1[6]    ; disp_2[0]   ; 9.327  ; 9.365  ; 9.365  ; 9.327  ;
; num1[6]    ; disp_2[2]   ; 7.210  ; 7.147  ; 7.147  ; 7.210  ;
; num1[6]    ; disp_2[3]   ; 9.337  ; 9.375  ; 9.375  ; 9.337  ;
; num1[6]    ; disp_2[4]   ; 6.747  ; 7.220  ; 7.220  ; 6.747  ;
; num1[6]    ; disp_2[5]   ; 7.366  ; 7.839  ; 7.839  ; 7.366  ;
; num1[6]    ; disp_2[6]   ;        ; 6.246  ; 6.246  ;        ;
; num1[7]    ; disp_0[0]   ; 11.111 ; 11.111 ; 11.111 ; 11.111 ;
; num1[7]    ; disp_0[1]   ; 10.884 ; 10.884 ; 10.884 ; 10.884 ;
; num1[7]    ; disp_0[2]   ; 10.870 ; 10.870 ; 10.870 ; 10.870 ;
; num1[7]    ; disp_0[3]   ; 10.916 ; 10.916 ; 10.916 ; 10.916 ;
; num1[7]    ; disp_0[4]   ; 10.901 ; 10.901 ; 10.901 ; 10.901 ;
; num1[7]    ; disp_0[5]   ; 10.895 ; 10.895 ; 10.895 ; 10.895 ;
; num1[7]    ; disp_0[6]   ; 11.112 ; 11.112 ; 11.112 ; 11.112 ;
; num1[7]    ; disp_1[0]   ; 10.633 ; 10.633 ; 10.633 ; 10.633 ;
; num1[7]    ; disp_1[1]   ; 10.189 ; 10.574 ; 10.574 ; 10.189 ;
; num1[7]    ; disp_1[2]   ; 10.397 ; 10.782 ; 10.782 ; 10.397 ;
; num1[7]    ; disp_1[3]   ; 10.191 ; 10.191 ; 10.191 ; 10.191 ;
; num1[7]    ; disp_1[4]   ; 10.017 ; 10.017 ; 10.017 ; 10.017 ;
; num1[7]    ; disp_1[5]   ; 10.181 ; 10.181 ; 10.181 ; 10.181 ;
; num1[7]    ; disp_1[6]   ; 10.178 ; 10.178 ; 10.178 ; 10.178 ;
; num1[7]    ; disp_2[0]   ; 9.127  ; 9.285  ; 9.285  ; 9.127  ;
; num1[7]    ; disp_2[2]   ; 7.130  ; 6.947  ; 6.947  ; 7.130  ;
; num1[7]    ; disp_2[3]   ; 9.137  ; 9.295  ; 9.295  ; 9.137  ;
; num1[7]    ; disp_2[4]   ; 6.547  ; 7.172  ; 7.172  ; 6.547  ;
; num1[7]    ; disp_2[5]   ; 7.166  ; 7.791  ; 7.791  ; 7.166  ;
; num1[7]    ; disp_2[6]   ;        ; 6.166  ; 6.166  ;        ;
+------------+-------------+--------+--------+--------+--------+


----------------------------
; Fast Model Setup Summary ;
----------------------------
No paths to report.


---------------------------
; Fast Model Hold Summary ;
---------------------------
No paths to report.


-------------------------------
; Fast Model Recovery Summary ;
-------------------------------
No paths to report.


------------------------------
; Fast Model Removal Summary ;
------------------------------
No paths to report.


------------------------------------------
; Fast Model Minimum Pulse Width Summary ;
------------------------------------------
No paths to report.


+--------------------------------------------------------------+
; Propagation Delay                                            ;
+------------+-------------+--------+--------+--------+--------+
; Input Port ; Output Port ; RR     ; RF     ; FR     ; FF     ;
+------------+-------------+--------+--------+--------+--------+
; num1[0]    ; disp_0[0]   ; 5.380  ; 5.380  ; 5.380  ; 5.380  ;
; num1[0]    ; disp_0[1]   ; 5.275  ; 5.275  ; 5.275  ; 5.275  ;
; num1[0]    ; disp_0[2]   ;        ; 5.268  ; 5.268  ;        ;
; num1[0]    ; disp_0[3]   ; 5.303  ; 5.303  ; 5.303  ; 5.303  ;
; num1[0]    ; disp_0[4]   ; 5.307  ;        ;        ; 5.307  ;
; num1[0]    ; disp_0[5]   ; 5.299  ;        ;        ; 5.299  ;
; num1[0]    ; disp_0[6]   ; 5.378  ;        ;        ; 5.378  ;
; num1[1]    ; disp_0[0]   ; 7.252  ; 7.252  ; 7.252  ; 7.252  ;
; num1[1]    ; disp_0[1]   ; 7.148  ; 7.148  ; 7.148  ; 7.148  ;
; num1[1]    ; disp_0[2]   ; 7.138  ; 7.138  ; 7.138  ; 7.138  ;
; num1[1]    ; disp_0[3]   ; 7.176  ; 7.176  ; 7.176  ; 7.176  ;
; num1[1]    ; disp_0[4]   ; 7.179  ; 7.179  ; 7.179  ; 7.179  ;
; num1[1]    ; disp_0[5]   ; 7.171  ; 7.171  ; 7.171  ; 7.171  ;
; num1[1]    ; disp_0[6]   ; 7.252  ; 7.252  ; 7.252  ; 7.252  ;
; num1[1]    ; disp_1[0]   ; 6.842  ; 6.842  ; 6.842  ; 6.842  ;
; num1[1]    ; disp_1[1]   ; 6.647  ; 6.647  ; 6.647  ; 6.647  ;
; num1[1]    ; disp_1[2]   ;        ; 6.730  ; 6.730  ;        ;
; num1[1]    ; disp_1[3]   ; 6.652  ; 6.652  ; 6.652  ; 6.652  ;
; num1[1]    ; disp_1[4]   ; 6.730  ;        ;        ; 6.730  ;
; num1[1]    ; disp_1[5]   ; 6.643  ;        ;        ; 6.643  ;
; num1[1]    ; disp_1[6]   ; 6.637  ;        ;        ; 6.637  ;
; num1[2]    ; disp_0[0]   ; 8.358  ; 8.358  ; 8.358  ; 8.358  ;
; num1[2]    ; disp_0[1]   ; 8.254  ; 8.254  ; 8.254  ; 8.254  ;
; num1[2]    ; disp_0[2]   ; 8.244  ; 8.244  ; 8.244  ; 8.244  ;
; num1[2]    ; disp_0[3]   ; 8.282  ; 8.282  ; 8.282  ; 8.282  ;
; num1[2]    ; disp_0[4]   ; 8.285  ; 8.285  ; 8.285  ; 8.285  ;
; num1[2]    ; disp_0[5]   ; 8.277  ; 8.277  ; 8.277  ; 8.277  ;
; num1[2]    ; disp_0[6]   ; 8.358  ; 8.358  ; 8.358  ; 8.358  ;
; num1[2]    ; disp_1[0]   ; 8.496  ; 8.496  ; 8.496  ; 8.496  ;
; num1[2]    ; disp_1[1]   ; 8.300  ; 8.300  ; 8.300  ; 8.300  ;
; num1[2]    ; disp_1[2]   ; 8.384  ; 8.384  ; 8.384  ; 8.384  ;
; num1[2]    ; disp_1[3]   ; 8.305  ; 8.305  ; 8.305  ; 8.305  ;
; num1[2]    ; disp_1[4]   ; 7.830  ; 7.837  ; 7.837  ; 7.830  ;
; num1[2]    ; disp_1[5]   ; 8.296  ; 8.296  ; 8.296  ; 8.296  ;
; num1[2]    ; disp_1[6]   ; 8.290  ; 8.290  ; 8.290  ; 8.290  ;
; num1[2]    ; disp_2[0]   ; 7.391  ;        ;        ; 7.391  ;
; num1[2]    ; disp_2[2]   ;        ; 6.391  ; 6.391  ;        ;
; num1[2]    ; disp_2[3]   ; 7.401  ;        ;        ; 7.401  ;
; num1[2]    ; disp_2[4]   ; 6.208  ;        ;        ; 6.208  ;
; num1[2]    ; disp_2[5]   ; 6.487  ;        ;        ; 6.487  ;
; num1[3]    ; disp_0[0]   ; 9.462  ; 9.462  ; 9.462  ; 9.462  ;
; num1[3]    ; disp_0[1]   ; 9.358  ; 9.358  ; 9.358  ; 9.358  ;
; num1[3]    ; disp_0[2]   ; 9.348  ; 9.348  ; 9.348  ; 9.348  ;
; num1[3]    ; disp_0[3]   ; 9.386  ; 9.386  ; 9.386  ; 9.386  ;
; num1[3]    ; disp_0[4]   ; 9.389  ; 9.389  ; 9.389  ; 9.389  ;
; num1[3]    ; disp_0[5]   ; 9.381  ; 9.381  ; 9.381  ; 9.381  ;
; num1[3]    ; disp_0[6]   ; 9.462  ; 9.462  ; 9.462  ; 9.462  ;
; num1[3]    ; disp_1[0]   ; 9.622  ; 9.622  ; 9.622  ; 9.622  ;
; num1[3]    ; disp_1[1]   ; 9.426  ; 9.426  ; 9.426  ; 9.426  ;
; num1[3]    ; disp_1[2]   ; 9.510  ; 9.510  ; 9.510  ; 9.510  ;
; num1[3]    ; disp_1[3]   ; 9.431  ; 9.431  ; 9.431  ; 9.431  ;
; num1[3]    ; disp_1[4]   ; 8.963  ; 8.956  ; 8.956  ; 8.963  ;
; num1[3]    ; disp_1[5]   ; 9.422  ; 9.422  ; 9.422  ; 9.422  ;
; num1[3]    ; disp_1[6]   ; 9.416  ; 9.416  ; 9.416  ; 9.416  ;
; num1[3]    ; disp_2[0]   ; 8.106  ; 8.216  ; 8.216  ; 8.106  ;
; num1[3]    ; disp_2[2]   ; 7.216  ; 7.106  ; 7.106  ; 7.216  ;
; num1[3]    ; disp_2[3]   ; 8.116  ; 8.226  ; 8.226  ; 8.116  ;
; num1[3]    ; disp_2[4]   ; 6.923  ; 7.033  ; 7.033  ; 6.923  ;
; num1[3]    ; disp_2[5]   ; 7.202  ; 7.312  ; 7.312  ; 7.202  ;
; num1[3]    ; disp_2[6]   ;        ; 5.908  ; 5.908  ;        ;
; num1[4]    ; disp_0[0]   ; 10.596 ; 10.596 ; 10.596 ; 10.596 ;
; num1[4]    ; disp_0[1]   ; 10.492 ; 10.492 ; 10.492 ; 10.492 ;
; num1[4]    ; disp_0[2]   ; 10.482 ; 10.482 ; 10.482 ; 10.482 ;
; num1[4]    ; disp_0[3]   ; 10.520 ; 10.520 ; 10.520 ; 10.520 ;
; num1[4]    ; disp_0[4]   ; 10.523 ; 10.523 ; 10.523 ; 10.523 ;
; num1[4]    ; disp_0[5]   ; 10.515 ; 10.515 ; 10.515 ; 10.515 ;
; num1[4]    ; disp_0[6]   ; 10.596 ; 10.596 ; 10.596 ; 10.596 ;
; num1[4]    ; disp_1[0]   ; 10.747 ; 10.747 ; 10.747 ; 10.747 ;
; num1[4]    ; disp_1[1]   ; 10.551 ; 10.551 ; 10.551 ; 10.551 ;
; num1[4]    ; disp_1[2]   ; 10.635 ; 10.635 ; 10.635 ; 10.635 ;
; num1[4]    ; disp_1[3]   ; 10.556 ; 10.556 ; 10.556 ; 10.556 ;
; num1[4]    ; disp_1[4]   ; 10.088 ; 10.081 ; 10.081 ; 10.088 ;
; num1[4]    ; disp_1[5]   ; 10.547 ; 10.547 ; 10.547 ; 10.547 ;
; num1[4]    ; disp_1[6]   ; 10.541 ; 10.541 ; 10.541 ; 10.541 ;
; num1[4]    ; disp_2[0]   ; 8.080  ; 8.190  ; 8.190  ; 8.080  ;
; num1[4]    ; disp_2[2]   ; 7.190  ; 7.080  ; 7.080  ; 7.190  ;
; num1[4]    ; disp_2[3]   ; 8.090  ; 8.200  ; 8.200  ; 8.090  ;
; num1[4]    ; disp_2[4]   ; 6.897  ; 7.007  ; 7.007  ; 6.897  ;
; num1[4]    ; disp_2[5]   ; 7.176  ; 7.286  ; 7.286  ; 7.176  ;
; num1[4]    ; disp_2[6]   ;        ; 5.882  ; 5.882  ;        ;
; num1[5]    ; disp_0[0]   ; 11.153 ; 11.153 ; 11.153 ; 11.153 ;
; num1[5]    ; disp_0[1]   ; 11.049 ; 11.049 ; 11.049 ; 11.049 ;
; num1[5]    ; disp_0[2]   ; 11.039 ; 11.039 ; 11.039 ; 11.039 ;
; num1[5]    ; disp_0[3]   ; 11.077 ; 11.077 ; 11.077 ; 11.077 ;
; num1[5]    ; disp_0[4]   ; 11.080 ; 11.080 ; 11.080 ; 11.080 ;
; num1[5]    ; disp_0[5]   ; 11.072 ; 11.072 ; 11.072 ; 11.072 ;
; num1[5]    ; disp_0[6]   ; 11.153 ; 11.153 ; 11.153 ; 11.153 ;
; num1[5]    ; disp_1[0]   ; 11.287 ; 11.287 ; 11.287 ; 11.287 ;
; num1[5]    ; disp_1[1]   ; 11.091 ; 11.091 ; 11.091 ; 11.091 ;
; num1[5]    ; disp_1[2]   ; 11.175 ; 11.175 ; 11.175 ; 11.175 ;
; num1[5]    ; disp_1[3]   ; 11.096 ; 11.096 ; 11.096 ; 11.096 ;
; num1[5]    ; disp_1[4]   ; 10.628 ; 10.621 ; 10.621 ; 10.628 ;
; num1[5]    ; disp_1[5]   ; 11.087 ; 11.087 ; 11.087 ; 11.087 ;
; num1[5]    ; disp_1[6]   ; 11.081 ; 11.081 ; 11.081 ; 11.081 ;
; num1[5]    ; disp_2[0]   ; 8.104  ; 8.214  ; 8.214  ; 8.104  ;
; num1[5]    ; disp_2[2]   ; 7.214  ; 7.104  ; 7.104  ; 7.214  ;
; num1[5]    ; disp_2[3]   ; 8.114  ; 8.224  ; 8.224  ; 8.114  ;
; num1[5]    ; disp_2[4]   ; 6.921  ; 7.031  ; 7.031  ; 6.921  ;
; num1[5]    ; disp_2[5]   ; 7.200  ; 7.310  ; 7.310  ; 7.200  ;
; num1[5]    ; disp_2[6]   ;        ; 5.906  ; 5.906  ;        ;
; num1[6]    ; disp_0[0]   ; 8.848  ; 8.848  ; 8.848  ; 8.848  ;
; num1[6]    ; disp_0[1]   ; 8.744  ; 8.744  ; 8.744  ; 8.744  ;
; num1[6]    ; disp_0[2]   ; 8.734  ; 8.734  ; 8.734  ; 8.734  ;
; num1[6]    ; disp_0[3]   ; 8.772  ; 8.772  ; 8.772  ; 8.772  ;
; num1[6]    ; disp_0[4]   ; 8.775  ; 8.775  ; 8.775  ; 8.775  ;
; num1[6]    ; disp_0[5]   ; 8.767  ; 8.767  ; 8.767  ; 8.767  ;
; num1[6]    ; disp_0[6]   ; 8.848  ; 8.848  ; 8.848  ; 8.848  ;
; num1[6]    ; disp_1[0]   ; 9.074  ; 9.074  ; 9.074  ; 9.074  ;
; num1[6]    ; disp_1[1]   ; 8.878  ; 8.878  ; 8.878  ; 8.878  ;
; num1[6]    ; disp_1[2]   ; 8.962  ; 8.962  ; 8.962  ; 8.962  ;
; num1[6]    ; disp_1[3]   ; 8.883  ; 8.883  ; 8.883  ; 8.883  ;
; num1[6]    ; disp_1[4]   ; 8.415  ; 8.408  ; 8.408  ; 8.415  ;
; num1[6]    ; disp_1[5]   ; 8.874  ; 8.874  ; 8.874  ; 8.874  ;
; num1[6]    ; disp_1[6]   ; 8.868  ; 8.868  ; 8.868  ; 8.868  ;
; num1[6]    ; disp_2[0]   ; 5.386  ; 5.496  ; 5.496  ; 5.386  ;
; num1[6]    ; disp_2[2]   ; 4.496  ; 4.386  ; 4.386  ; 4.496  ;
; num1[6]    ; disp_2[3]   ; 5.396  ; 5.506  ; 5.506  ; 5.396  ;
; num1[6]    ; disp_2[4]   ; 4.203  ; 4.313  ; 4.313  ; 4.203  ;
; num1[6]    ; disp_2[5]   ; 4.482  ; 4.592  ; 4.592  ; 4.482  ;
; num1[6]    ; disp_2[6]   ;        ; 3.188  ; 3.188  ;        ;
; num1[7]    ; disp_0[0]   ; 8.852  ; 8.852  ; 8.852  ; 8.852  ;
; num1[7]    ; disp_0[1]   ; 8.748  ; 8.748  ; 8.748  ; 8.748  ;
; num1[7]    ; disp_0[2]   ; 8.738  ; 8.738  ; 8.738  ; 8.738  ;
; num1[7]    ; disp_0[3]   ; 8.776  ; 8.776  ; 8.776  ; 8.776  ;
; num1[7]    ; disp_0[4]   ; 8.779  ; 8.779  ; 8.779  ; 8.779  ;
; num1[7]    ; disp_0[5]   ; 8.771  ; 8.771  ; 8.771  ; 8.771  ;
; num1[7]    ; disp_0[6]   ; 8.852  ; 8.852  ; 8.852  ; 8.852  ;
; num1[7]    ; disp_1[0]   ; 9.249  ; 9.249  ; 9.249  ; 9.249  ;
; num1[7]    ; disp_1[1]   ; 9.053  ; 9.053  ; 9.053  ; 9.053  ;
; num1[7]    ; disp_1[2]   ; 9.137  ; 9.137  ; 9.137  ; 9.137  ;
; num1[7]    ; disp_1[3]   ; 9.058  ; 9.058  ; 9.058  ; 9.058  ;
; num1[7]    ; disp_1[4]   ; 8.590  ; 8.583  ; 8.583  ; 8.590  ;
; num1[7]    ; disp_1[5]   ; 9.049  ; 9.049  ; 9.049  ; 9.049  ;
; num1[7]    ; disp_1[6]   ; 9.043  ; 9.043  ; 9.043  ; 9.043  ;
; num1[7]    ; disp_2[0]   ; 5.348  ; 5.458  ; 5.458  ; 5.348  ;
; num1[7]    ; disp_2[2]   ; 4.458  ; 4.348  ; 4.348  ; 4.458  ;
; num1[7]    ; disp_2[3]   ; 5.358  ; 5.468  ; 5.468  ; 5.358  ;
; num1[7]    ; disp_2[4]   ; 4.165  ; 4.275  ; 4.275  ; 4.165  ;
; num1[7]    ; disp_2[5]   ; 4.444  ; 4.554  ; 4.554  ; 4.444  ;
; num1[7]    ; disp_2[6]   ;        ; 3.150  ; 3.150  ;        ;
+------------+-------------+--------+--------+--------+--------+


+----------------------------------------------------------+
; Minimum Propagation Delay                                ;
+------------+-------------+-------+-------+-------+-------+
; Input Port ; Output Port ; RR    ; RF    ; FR    ; FF    ;
+------------+-------------+-------+-------+-------+-------+
; num1[0]    ; disp_0[0]   ; 5.380 ; 5.380 ; 5.380 ; 5.380 ;
; num1[0]    ; disp_0[1]   ; 5.275 ; 5.275 ; 5.275 ; 5.275 ;
; num1[0]    ; disp_0[2]   ;       ; 5.268 ; 5.268 ;       ;
; num1[0]    ; disp_0[3]   ; 5.303 ; 5.303 ; 5.303 ; 5.303 ;
; num1[0]    ; disp_0[4]   ; 5.307 ;       ;       ; 5.307 ;
; num1[0]    ; disp_0[5]   ; 5.299 ;       ;       ; 5.299 ;
; num1[0]    ; disp_0[6]   ; 5.378 ;       ;       ; 5.378 ;
; num1[1]    ; disp_0[0]   ; 6.427 ; 6.427 ; 6.427 ; 6.427 ;
; num1[1]    ; disp_0[1]   ; 6.323 ; 6.323 ; 6.323 ; 6.323 ;
; num1[1]    ; disp_0[2]   ; 6.315 ; 6.764 ; 6.764 ; 6.315 ;
; num1[1]    ; disp_0[3]   ; 6.349 ; 6.349 ; 6.349 ; 6.349 ;
; num1[1]    ; disp_0[4]   ; 6.355 ; 6.355 ; 6.355 ; 6.355 ;
; num1[1]    ; disp_0[5]   ; 6.347 ; 6.796 ; 6.796 ; 6.347 ;
; num1[1]    ; disp_0[6]   ; 6.422 ; 6.422 ; 6.422 ; 6.422 ;
; num1[1]    ; disp_1[0]   ; 6.683 ; 6.683 ; 6.683 ; 6.683 ;
; num1[1]    ; disp_1[1]   ; 6.488 ; 6.488 ; 6.488 ; 6.488 ;
; num1[1]    ; disp_1[2]   ;       ; 6.571 ; 6.571 ;       ;
; num1[1]    ; disp_1[3]   ; 6.493 ; 6.493 ; 6.493 ; 6.493 ;
; num1[1]    ; disp_1[4]   ; 6.571 ;       ;       ; 6.571 ;
; num1[1]    ; disp_1[5]   ; 6.484 ;       ;       ; 6.484 ;
; num1[1]    ; disp_1[6]   ; 6.478 ;       ;       ; 6.478 ;
; num1[2]    ; disp_0[0]   ; 6.691 ; 6.691 ; 6.691 ; 6.691 ;
; num1[2]    ; disp_0[1]   ; 6.585 ; 6.790 ; 6.790 ; 6.585 ;
; num1[2]    ; disp_0[2]   ; 6.571 ; 6.571 ; 6.571 ; 6.571 ;
; num1[2]    ; disp_0[3]   ; 6.616 ; 6.616 ; 6.616 ; 6.616 ;
; num1[2]    ; disp_0[4]   ; 6.604 ; 6.809 ; 6.809 ; 6.604 ;
; num1[2]    ; disp_0[5]   ; 6.596 ; 6.596 ; 6.596 ; 6.596 ;
; num1[2]    ; disp_0[6]   ; 6.691 ; 6.691 ; 6.691 ; 6.691 ;
; num1[2]    ; disp_1[0]   ; 6.544 ; 6.544 ; 6.544 ; 6.544 ;
; num1[2]    ; disp_1[1]   ; 6.349 ; 6.349 ; 6.349 ; 6.349 ;
; num1[2]    ; disp_1[2]   ; 7.190 ; 6.432 ; 6.432 ; 7.190 ;
; num1[2]    ; disp_1[3]   ; 6.354 ; 6.354 ; 6.354 ; 6.354 ;
; num1[2]    ; disp_1[4]   ; 6.432 ; 7.190 ; 7.190 ; 6.432 ;
; num1[2]    ; disp_1[5]   ; 6.345 ; 7.103 ; 7.103 ; 6.345 ;
; num1[2]    ; disp_1[6]   ; 6.339 ; 7.097 ; 7.097 ; 6.339 ;
; num1[2]    ; disp_2[0]   ; 7.288 ;       ;       ; 7.288 ;
; num1[2]    ; disp_2[2]   ;       ; 6.288 ; 6.288 ;       ;
; num1[2]    ; disp_2[3]   ; 7.298 ;       ;       ; 7.298 ;
; num1[2]    ; disp_2[4]   ; 6.105 ;       ;       ; 6.105 ;
; num1[2]    ; disp_2[5]   ; 6.384 ;       ;       ; 6.384 ;
; num1[3]    ; disp_0[0]   ; 6.809 ; 6.809 ; 6.809 ; 6.809 ;
; num1[3]    ; disp_0[1]   ; 6.705 ; 6.872 ; 6.872 ; 6.705 ;
; num1[3]    ; disp_0[2]   ; 6.695 ; 6.862 ; 6.862 ; 6.695 ;
; num1[3]    ; disp_0[3]   ; 6.733 ; 6.733 ; 6.733 ; 6.733 ;
; num1[3]    ; disp_0[4]   ; 6.736 ; 6.903 ; 6.903 ; 6.736 ;
; num1[3]    ; disp_0[5]   ; 6.728 ; 6.728 ; 6.728 ; 6.728 ;
; num1[3]    ; disp_0[6]   ; 6.809 ; 6.809 ; 6.809 ; 6.809 ;
; num1[3]    ; disp_1[0]   ; 6.892 ; 6.892 ; 6.892 ; 6.892 ;
; num1[3]    ; disp_1[1]   ; 6.697 ; 6.697 ; 6.697 ; 6.697 ;
; num1[3]    ; disp_1[2]   ; 7.184 ; 6.780 ; 6.780 ; 7.184 ;
; num1[3]    ; disp_1[3]   ; 6.702 ; 6.702 ; 6.702 ; 6.702 ;
; num1[3]    ; disp_1[4]   ; 6.780 ; 7.184 ; 7.184 ; 6.780 ;
; num1[3]    ; disp_1[5]   ; 6.693 ; 7.097 ; 7.097 ; 6.693 ;
; num1[3]    ; disp_1[6]   ; 6.687 ; 7.091 ; 7.091 ; 6.687 ;
; num1[3]    ; disp_2[0]   ; 7.145 ; 7.338 ; 7.338 ; 7.145 ;
; num1[3]    ; disp_2[2]   ; 6.325 ; 6.145 ; 6.145 ; 6.325 ;
; num1[3]    ; disp_2[3]   ; 7.155 ; 7.348 ; 7.348 ; 7.155 ;
; num1[3]    ; disp_2[4]   ; 5.962 ; 6.420 ; 6.420 ; 5.962 ;
; num1[3]    ; disp_2[5]   ; 6.241 ; 6.699 ; 6.699 ; 6.241 ;
; num1[3]    ; disp_2[6]   ;       ; 5.908 ; 5.908 ;       ;
; num1[4]    ; disp_0[0]   ; 7.443 ; 7.443 ; 7.443 ; 7.443 ;
; num1[4]    ; disp_0[1]   ; 7.337 ; 7.337 ; 7.337 ; 7.337 ;
; num1[4]    ; disp_0[2]   ; 7.323 ; 7.323 ; 7.323 ; 7.323 ;
; num1[4]    ; disp_0[3]   ; 7.368 ; 7.368 ; 7.368 ; 7.368 ;
; num1[4]    ; disp_0[4]   ; 7.356 ; 7.356 ; 7.356 ; 7.356 ;
; num1[4]    ; disp_0[5]   ; 7.348 ; 7.348 ; 7.348 ; 7.348 ;
; num1[4]    ; disp_0[6]   ; 7.443 ; 7.443 ; 7.443 ; 7.443 ;
; num1[4]    ; disp_1[0]   ; 6.760 ; 6.760 ; 6.760 ; 6.760 ;
; num1[4]    ; disp_1[1]   ; 6.565 ; 6.565 ; 6.565 ; 6.565 ;
; num1[4]    ; disp_1[2]   ; 6.996 ; 6.648 ; 6.648 ; 6.996 ;
; num1[4]    ; disp_1[3]   ; 6.570 ; 6.570 ; 6.570 ; 6.570 ;
; num1[4]    ; disp_1[4]   ; 6.648 ; 6.996 ; 6.996 ; 6.648 ;
; num1[4]    ; disp_1[5]   ; 6.561 ; 6.909 ; 6.909 ; 6.561 ;
; num1[4]    ; disp_1[6]   ; 6.555 ; 6.903 ; 6.903 ; 6.555 ;
; num1[4]    ; disp_2[0]   ; 7.190 ; 7.312 ; 7.312 ; 7.190 ;
; num1[4]    ; disp_2[2]   ; 6.299 ; 6.190 ; 6.190 ; 6.299 ;
; num1[4]    ; disp_2[3]   ; 7.200 ; 7.322 ; 7.322 ; 7.200 ;
; num1[4]    ; disp_2[4]   ; 6.007 ; 6.306 ; 6.306 ; 6.007 ;
; num1[4]    ; disp_2[5]   ; 6.286 ; 6.585 ; 6.585 ; 6.286 ;
; num1[4]    ; disp_2[6]   ;       ; 5.882 ; 5.882 ;       ;
; num1[5]    ; disp_0[0]   ; 7.792 ; 7.792 ; 7.792 ; 7.792 ;
; num1[5]    ; disp_0[1]   ; 7.688 ; 7.688 ; 7.688 ; 7.688 ;
; num1[5]    ; disp_0[2]   ; 7.678 ; 7.678 ; 7.678 ; 7.678 ;
; num1[5]    ; disp_0[3]   ; 7.716 ; 7.716 ; 7.716 ; 7.716 ;
; num1[5]    ; disp_0[4]   ; 7.711 ; 7.711 ; 7.711 ; 7.711 ;
; num1[5]    ; disp_0[5]   ; 7.703 ; 7.703 ; 7.703 ; 7.703 ;
; num1[5]    ; disp_0[6]   ; 7.792 ; 7.792 ; 7.792 ; 7.792 ;
; num1[5]    ; disp_1[0]   ; 7.484 ; 7.484 ; 7.484 ; 7.484 ;
; num1[5]    ; disp_1[1]   ; 7.289 ; 7.303 ; 7.303 ; 7.289 ;
; num1[5]    ; disp_1[2]   ; 7.372 ; 7.386 ; 7.386 ; 7.372 ;
; num1[5]    ; disp_1[3]   ; 7.292 ; 7.292 ; 7.292 ; 7.292 ;
; num1[5]    ; disp_1[4]   ; 7.181 ; 7.181 ; 7.181 ; 7.181 ;
; num1[5]    ; disp_1[5]   ; 7.283 ; 7.283 ; 7.283 ; 7.283 ;
; num1[5]    ; disp_1[6]   ; 7.279 ; 7.279 ; 7.279 ; 7.279 ;
; num1[5]    ; disp_2[0]   ; 7.160 ; 7.336 ; 7.336 ; 7.160 ;
; num1[5]    ; disp_2[2]   ; 6.323 ; 6.160 ; 6.160 ; 6.323 ;
; num1[5]    ; disp_2[3]   ; 7.170 ; 7.346 ; 7.346 ; 7.170 ;
; num1[5]    ; disp_2[4]   ; 5.977 ; 6.418 ; 6.418 ; 5.977 ;
; num1[5]    ; disp_2[5]   ; 6.256 ; 6.697 ; 6.697 ; 6.256 ;
; num1[5]    ; disp_2[6]   ;       ; 5.906 ; 5.906 ;       ;
; num1[6]    ; disp_0[0]   ; 5.363 ; 5.363 ; 5.363 ; 5.363 ;
; num1[6]    ; disp_0[1]   ; 5.259 ; 5.283 ; 5.283 ; 5.259 ;
; num1[6]    ; disp_0[2]   ; 5.249 ; 5.268 ; 5.268 ; 5.249 ;
; num1[6]    ; disp_0[3]   ; 5.287 ; 5.287 ; 5.287 ; 5.287 ;
; num1[6]    ; disp_0[4]   ; 5.290 ; 5.302 ; 5.302 ; 5.290 ;
; num1[6]    ; disp_0[5]   ; 5.282 ; 5.282 ; 5.282 ; 5.282 ;
; num1[6]    ; disp_0[6]   ; 5.363 ; 5.363 ; 5.363 ; 5.363 ;
; num1[6]    ; disp_1[0]   ; 5.290 ; 5.290 ; 5.290 ; 5.290 ;
; num1[6]    ; disp_1[1]   ; 5.095 ; 5.095 ; 5.095 ; 5.095 ;
; num1[6]    ; disp_1[2]   ; 5.178 ; 5.178 ; 5.178 ; 5.178 ;
; num1[6]    ; disp_1[3]   ; 5.100 ; 5.100 ; 5.100 ; 5.100 ;
; num1[6]    ; disp_1[4]   ; 4.968 ; 4.968 ; 4.968 ; 4.968 ;
; num1[6]    ; disp_1[5]   ; 5.091 ; 5.091 ; 5.091 ; 5.091 ;
; num1[6]    ; disp_1[6]   ; 5.085 ; 5.085 ; 5.085 ; 5.085 ;
; num1[6]    ; disp_2[0]   ; 4.593 ; 4.618 ; 4.618 ; 4.593 ;
; num1[6]    ; disp_2[2]   ; 3.605 ; 3.593 ; 3.593 ; 3.605 ;
; num1[6]    ; disp_2[3]   ; 4.603 ; 4.628 ; 4.628 ; 4.603 ;
; num1[6]    ; disp_2[4]   ; 3.410 ; 3.597 ; 3.597 ; 3.410 ;
; num1[6]    ; disp_2[5]   ; 3.689 ; 3.876 ; 3.876 ; 3.689 ;
; num1[6]    ; disp_2[6]   ;       ; 3.188 ; 3.188 ;       ;
; num1[7]    ; disp_0[0]   ; 5.319 ; 5.319 ; 5.319 ; 5.319 ;
; num1[7]    ; disp_0[1]   ; 5.213 ; 5.213 ; 5.213 ; 5.213 ;
; num1[7]    ; disp_0[2]   ; 5.199 ; 5.199 ; 5.199 ; 5.199 ;
; num1[7]    ; disp_0[3]   ; 5.244 ; 5.244 ; 5.244 ; 5.244 ;
; num1[7]    ; disp_0[4]   ; 5.232 ; 5.232 ; 5.232 ; 5.232 ;
; num1[7]    ; disp_0[5]   ; 5.224 ; 5.224 ; 5.224 ; 5.224 ;
; num1[7]    ; disp_0[6]   ; 5.319 ; 5.319 ; 5.319 ; 5.319 ;
; num1[7]    ; disp_1[0]   ; 5.086 ; 5.086 ; 5.086 ; 5.086 ;
; num1[7]    ; disp_1[1]   ; 4.891 ; 5.080 ; 5.080 ; 4.891 ;
; num1[7]    ; disp_1[2]   ; 4.974 ; 5.163 ; 5.163 ; 4.974 ;
; num1[7]    ; disp_1[3]   ; 4.894 ; 4.894 ; 4.894 ; 4.894 ;
; num1[7]    ; disp_1[4]   ; 4.788 ; 4.788 ; 4.788 ; 4.788 ;
; num1[7]    ; disp_1[5]   ; 4.885 ; 4.885 ; 4.885 ; 4.885 ;
; num1[7]    ; disp_1[6]   ; 4.881 ; 4.881 ; 4.881 ; 4.881 ;
; num1[7]    ; disp_2[0]   ; 4.483 ; 4.580 ; 4.580 ; 4.483 ;
; num1[7]    ; disp_2[2]   ; 3.567 ; 3.483 ; 3.483 ; 3.567 ;
; num1[7]    ; disp_2[3]   ; 4.493 ; 4.590 ; 4.590 ; 4.493 ;
; num1[7]    ; disp_2[4]   ; 3.300 ; 3.565 ; 3.565 ; 3.300 ;
; num1[7]    ; disp_2[5]   ; 3.579 ; 3.844 ; 3.844 ; 3.579 ;
; num1[7]    ; disp_2[6]   ;       ; 3.150 ; 3.150 ;       ;
+------------+-------------+-------+-------+-------+-------+


+----------------------------------------------------------------------------+
; Multicorner Timing Analysis Summary                                        ;
+------------------+-------+------+----------+---------+---------------------+
; Clock            ; Setup ; Hold ; Recovery ; Removal ; Minimum Pulse Width ;
+------------------+-------+------+----------+---------+---------------------+
; Worst-case Slack ; N/A   ; N/A  ; N/A      ; N/A     ; N/A                 ;
; Design-wide TNS  ; 0.0   ; 0.0  ; 0.0      ; 0.0     ; 0.0                 ;
+------------------+-------+------+----------+---------+---------------------+


+--------------------------------------------------------------+
; Progagation Delay                                            ;
+------------+-------------+--------+--------+--------+--------+
; Input Port ; Output Port ; RR     ; RF     ; FR     ; FF     ;
+------------+-------------+--------+--------+--------+--------+
; num1[0]    ; disp_0[0]   ; 9.700  ; 9.700  ; 9.700  ; 9.700  ;
; num1[0]    ; disp_0[1]   ; 9.475  ; 9.475  ; 9.475  ; 9.475  ;
; num1[0]    ; disp_0[2]   ;        ; 9.443  ; 9.443  ;        ;
; num1[0]    ; disp_0[3]   ; 9.503  ; 9.503  ; 9.503  ; 9.503  ;
; num1[0]    ; disp_0[4]   ; 9.508  ;        ;        ; 9.508  ;
; num1[0]    ; disp_0[5]   ; 9.501  ;        ;        ; 9.501  ;
; num1[0]    ; disp_0[6]   ; 9.698  ;        ;        ; 9.698  ;
; num1[1]    ; disp_0[0]   ; 13.814 ; 13.814 ; 13.814 ; 13.814 ;
; num1[1]    ; disp_0[1]   ; 13.587 ; 13.587 ; 13.587 ; 13.587 ;
; num1[1]    ; disp_0[2]   ; 13.582 ; 13.582 ; 13.582 ; 13.582 ;
; num1[1]    ; disp_0[3]   ; 13.619 ; 13.619 ; 13.619 ; 13.619 ;
; num1[1]    ; disp_0[4]   ; 13.621 ; 13.621 ; 13.621 ; 13.621 ;
; num1[1]    ; disp_0[5]   ; 13.613 ; 13.613 ; 13.613 ; 13.613 ;
; num1[1]    ; disp_0[6]   ; 13.816 ; 13.816 ; 13.816 ; 13.816 ;
; num1[1]    ; disp_1[0]   ; 12.968 ; 12.968 ; 12.968 ; 12.968 ;
; num1[1]    ; disp_1[1]   ; 12.523 ; 12.523 ; 12.523 ; 12.523 ;
; num1[1]    ; disp_1[2]   ;        ; 12.727 ; 12.727 ;        ;
; num1[1]    ; disp_1[3]   ; 12.529 ; 12.529 ; 12.529 ; 12.529 ;
; num1[1]    ; disp_1[4]   ; 12.728 ;        ;        ; 12.728 ;
; num1[1]    ; disp_1[5]   ; 12.513 ;        ;        ; 12.513 ;
; num1[1]    ; disp_1[6]   ; 12.509 ;        ;        ; 12.509 ;
; num1[2]    ; disp_0[0]   ; 16.527 ; 16.527 ; 16.527 ; 16.527 ;
; num1[2]    ; disp_0[1]   ; 16.300 ; 16.300 ; 16.300 ; 16.300 ;
; num1[2]    ; disp_0[2]   ; 16.295 ; 16.295 ; 16.295 ; 16.295 ;
; num1[2]    ; disp_0[3]   ; 16.332 ; 16.332 ; 16.332 ; 16.332 ;
; num1[2]    ; disp_0[4]   ; 16.334 ; 16.334 ; 16.334 ; 16.334 ;
; num1[2]    ; disp_0[5]   ; 16.326 ; 16.326 ; 16.326 ; 16.326 ;
; num1[2]    ; disp_0[6]   ; 16.529 ; 16.529 ; 16.529 ; 16.529 ;
; num1[2]    ; disp_1[0]   ; 16.828 ; 16.828 ; 16.828 ; 16.828 ;
; num1[2]    ; disp_1[1]   ; 16.385 ; 16.385 ; 16.385 ; 16.385 ;
; num1[2]    ; disp_1[2]   ; 16.568 ; 16.568 ; 16.568 ; 16.568 ;
; num1[2]    ; disp_1[3]   ; 16.388 ; 16.388 ; 16.388 ; 16.388 ;
; num1[2]    ; disp_1[4]   ; 15.352 ; 15.372 ; 15.372 ; 15.352 ;
; num1[2]    ; disp_1[5]   ; 16.378 ; 16.378 ; 16.378 ; 16.378 ;
; num1[2]    ; disp_1[6]   ; 16.374 ; 16.374 ; 16.374 ; 16.374 ;
; num1[2]    ; disp_2[0]   ; 14.092 ;        ;        ; 14.092 ;
; num1[2]    ; disp_2[2]   ;        ; 11.912 ; 11.912 ;        ;
; num1[2]    ; disp_2[3]   ; 14.102 ;        ;        ; 14.102 ;
; num1[2]    ; disp_2[4]   ; 11.512 ;        ;        ; 11.512 ;
; num1[2]    ; disp_2[5]   ; 12.131 ;        ;        ; 12.131 ;
; num1[3]    ; disp_0[0]   ; 18.953 ; 18.953 ; 18.953 ; 18.953 ;
; num1[3]    ; disp_0[1]   ; 18.726 ; 18.726 ; 18.726 ; 18.726 ;
; num1[3]    ; disp_0[2]   ; 18.721 ; 18.721 ; 18.721 ; 18.721 ;
; num1[3]    ; disp_0[3]   ; 18.758 ; 18.758 ; 18.758 ; 18.758 ;
; num1[3]    ; disp_0[4]   ; 18.760 ; 18.760 ; 18.760 ; 18.760 ;
; num1[3]    ; disp_0[5]   ; 18.752 ; 18.752 ; 18.752 ; 18.752 ;
; num1[3]    ; disp_0[6]   ; 18.955 ; 18.955 ; 18.955 ; 18.955 ;
; num1[3]    ; disp_1[0]   ; 19.353 ; 19.353 ; 19.353 ; 19.353 ;
; num1[3]    ; disp_1[1]   ; 18.910 ; 18.910 ; 18.910 ; 18.910 ;
; num1[3]    ; disp_1[2]   ; 19.093 ; 19.093 ; 19.093 ; 19.093 ;
; num1[3]    ; disp_1[3]   ; 18.913 ; 18.913 ; 18.913 ; 18.913 ;
; num1[3]    ; disp_1[4]   ; 17.877 ; 17.897 ; 17.897 ; 17.877 ;
; num1[3]    ; disp_1[5]   ; 18.903 ; 18.903 ; 18.903 ; 18.903 ;
; num1[3]    ; disp_1[6]   ; 18.899 ; 18.899 ; 18.899 ; 18.899 ;
; num1[3]    ; disp_2[0]   ; 15.701 ; 15.976 ; 15.976 ; 15.701 ;
; num1[3]    ; disp_2[2]   ; 13.796 ; 13.521 ; 13.521 ; 13.796 ;
; num1[3]    ; disp_2[3]   ; 15.711 ; 15.986 ; 15.986 ; 15.711 ;
; num1[3]    ; disp_2[4]   ; 13.121 ; 13.396 ; 13.396 ; 13.121 ;
; num1[3]    ; disp_2[5]   ; 13.740 ; 14.015 ; 14.015 ; 13.740 ;
; num1[3]    ; disp_2[6]   ;        ; 10.781 ; 10.781 ;        ;
; num1[4]    ; disp_0[0]   ; 21.688 ; 21.688 ; 21.688 ; 21.688 ;
; num1[4]    ; disp_0[1]   ; 21.461 ; 21.461 ; 21.461 ; 21.461 ;
; num1[4]    ; disp_0[2]   ; 21.456 ; 21.456 ; 21.456 ; 21.456 ;
; num1[4]    ; disp_0[3]   ; 21.493 ; 21.493 ; 21.493 ; 21.493 ;
; num1[4]    ; disp_0[4]   ; 21.495 ; 21.495 ; 21.495 ; 21.495 ;
; num1[4]    ; disp_0[5]   ; 21.487 ; 21.487 ; 21.487 ; 21.487 ;
; num1[4]    ; disp_0[6]   ; 21.690 ; 21.690 ; 21.690 ; 21.690 ;
; num1[4]    ; disp_1[0]   ; 21.967 ; 21.967 ; 21.967 ; 21.967 ;
; num1[4]    ; disp_1[1]   ; 21.524 ; 21.524 ; 21.524 ; 21.524 ;
; num1[4]    ; disp_1[2]   ; 21.707 ; 21.707 ; 21.707 ; 21.707 ;
; num1[4]    ; disp_1[3]   ; 21.527 ; 21.527 ; 21.527 ; 21.527 ;
; num1[4]    ; disp_1[4]   ; 20.491 ; 20.511 ; 20.511 ; 20.491 ;
; num1[4]    ; disp_1[5]   ; 21.517 ; 21.517 ; 21.517 ; 21.517 ;
; num1[4]    ; disp_1[6]   ; 21.513 ; 21.513 ; 21.513 ; 21.513 ;
; num1[4]    ; disp_2[0]   ; 15.674 ; 15.949 ; 15.949 ; 15.674 ;
; num1[4]    ; disp_2[2]   ; 13.769 ; 13.494 ; 13.494 ; 13.769 ;
; num1[4]    ; disp_2[3]   ; 15.684 ; 15.959 ; 15.959 ; 15.684 ;
; num1[4]    ; disp_2[4]   ; 13.094 ; 13.369 ; 13.369 ; 13.094 ;
; num1[4]    ; disp_2[5]   ; 13.713 ; 13.988 ; 13.988 ; 13.713 ;
; num1[4]    ; disp_2[6]   ;        ; 10.754 ; 10.754 ;        ;
; num1[5]    ; disp_0[0]   ; 23.042 ; 23.042 ; 23.042 ; 23.042 ;
; num1[5]    ; disp_0[1]   ; 22.815 ; 22.815 ; 22.815 ; 22.815 ;
; num1[5]    ; disp_0[2]   ; 22.810 ; 22.810 ; 22.810 ; 22.810 ;
; num1[5]    ; disp_0[3]   ; 22.847 ; 22.847 ; 22.847 ; 22.847 ;
; num1[5]    ; disp_0[4]   ; 22.849 ; 22.849 ; 22.849 ; 22.849 ;
; num1[5]    ; disp_0[5]   ; 22.841 ; 22.841 ; 22.841 ; 22.841 ;
; num1[5]    ; disp_0[6]   ; 23.044 ; 23.044 ; 23.044 ; 23.044 ;
; num1[5]    ; disp_1[0]   ; 23.294 ; 23.294 ; 23.294 ; 23.294 ;
; num1[5]    ; disp_1[1]   ; 22.851 ; 22.851 ; 22.851 ; 22.851 ;
; num1[5]    ; disp_1[2]   ; 23.034 ; 23.034 ; 23.034 ; 23.034 ;
; num1[5]    ; disp_1[3]   ; 22.854 ; 22.854 ; 22.854 ; 22.854 ;
; num1[5]    ; disp_1[4]   ; 21.818 ; 21.838 ; 21.838 ; 21.818 ;
; num1[5]    ; disp_1[5]   ; 22.844 ; 22.844 ; 22.844 ; 22.844 ;
; num1[5]    ; disp_1[6]   ; 22.840 ; 22.840 ; 22.840 ; 22.840 ;
; num1[5]    ; disp_2[0]   ; 15.744 ; 16.019 ; 16.019 ; 15.744 ;
; num1[5]    ; disp_2[2]   ; 13.839 ; 13.564 ; 13.564 ; 13.839 ;
; num1[5]    ; disp_2[3]   ; 15.754 ; 16.029 ; 16.029 ; 15.754 ;
; num1[5]    ; disp_2[4]   ; 13.164 ; 13.439 ; 13.439 ; 13.164 ;
; num1[5]    ; disp_2[5]   ; 13.783 ; 14.058 ; 14.058 ; 13.783 ;
; num1[5]    ; disp_2[6]   ;        ; 10.824 ; 10.824 ;        ;
; num1[6]    ; disp_0[0]   ; 19.265 ; 19.265 ; 19.265 ; 19.265 ;
; num1[6]    ; disp_0[1]   ; 19.038 ; 19.038 ; 19.038 ; 19.038 ;
; num1[6]    ; disp_0[2]   ; 19.033 ; 19.033 ; 19.033 ; 19.033 ;
; num1[6]    ; disp_0[3]   ; 19.070 ; 19.070 ; 19.070 ; 19.070 ;
; num1[6]    ; disp_0[4]   ; 19.072 ; 19.072 ; 19.072 ; 19.072 ;
; num1[6]    ; disp_0[5]   ; 19.064 ; 19.064 ; 19.064 ; 19.064 ;
; num1[6]    ; disp_0[6]   ; 19.267 ; 19.267 ; 19.267 ; 19.267 ;
; num1[6]    ; disp_1[0]   ; 19.701 ; 19.701 ; 19.701 ; 19.701 ;
; num1[6]    ; disp_1[1]   ; 19.258 ; 19.258 ; 19.258 ; 19.258 ;
; num1[6]    ; disp_1[2]   ; 19.441 ; 19.441 ; 19.441 ; 19.441 ;
; num1[6]    ; disp_1[3]   ; 19.261 ; 19.261 ; 19.261 ; 19.261 ;
; num1[6]    ; disp_1[4]   ; 18.225 ; 18.245 ; 18.245 ; 18.225 ;
; num1[6]    ; disp_1[5]   ; 19.251 ; 19.251 ; 19.251 ; 19.251 ;
; num1[6]    ; disp_1[6]   ; 19.247 ; 19.247 ; 19.247 ; 19.247 ;
; num1[6]    ; disp_2[0]   ; 11.166 ; 11.441 ; 11.441 ; 11.166 ;
; num1[6]    ; disp_2[2]   ; 9.261  ; 8.986  ; 8.986  ; 9.261  ;
; num1[6]    ; disp_2[3]   ; 11.176 ; 11.451 ; 11.451 ; 11.176 ;
; num1[6]    ; disp_2[4]   ; 8.586  ; 8.861  ; 8.861  ; 8.586  ;
; num1[6]    ; disp_2[5]   ; 9.205  ; 9.480  ; 9.480  ; 9.205  ;
; num1[6]    ; disp_2[6]   ;        ; 6.246  ; 6.246  ;        ;
; num1[7]    ; disp_0[0]   ; 19.323 ; 19.323 ; 19.323 ; 19.323 ;
; num1[7]    ; disp_0[1]   ; 19.096 ; 19.096 ; 19.096 ; 19.096 ;
; num1[7]    ; disp_0[2]   ; 19.091 ; 19.091 ; 19.091 ; 19.091 ;
; num1[7]    ; disp_0[3]   ; 19.128 ; 19.128 ; 19.128 ; 19.128 ;
; num1[7]    ; disp_0[4]   ; 19.130 ; 19.130 ; 19.130 ; 19.130 ;
; num1[7]    ; disp_0[5]   ; 19.122 ; 19.122 ; 19.122 ; 19.122 ;
; num1[7]    ; disp_0[6]   ; 19.325 ; 19.325 ; 19.325 ; 19.325 ;
; num1[7]    ; disp_1[0]   ; 20.146 ; 20.146 ; 20.146 ; 20.146 ;
; num1[7]    ; disp_1[1]   ; 19.703 ; 19.703 ; 19.703 ; 19.703 ;
; num1[7]    ; disp_1[2]   ; 19.886 ; 19.886 ; 19.886 ; 19.886 ;
; num1[7]    ; disp_1[3]   ; 19.706 ; 19.706 ; 19.706 ; 19.706 ;
; num1[7]    ; disp_1[4]   ; 18.670 ; 18.690 ; 18.690 ; 18.670 ;
; num1[7]    ; disp_1[5]   ; 19.696 ; 19.696 ; 19.696 ; 19.696 ;
; num1[7]    ; disp_1[6]   ; 19.692 ; 19.692 ; 19.692 ; 19.692 ;
; num1[7]    ; disp_2[0]   ; 11.086 ; 11.361 ; 11.361 ; 11.086 ;
; num1[7]    ; disp_2[2]   ; 9.181  ; 8.906  ; 8.906  ; 9.181  ;
; num1[7]    ; disp_2[3]   ; 11.096 ; 11.371 ; 11.371 ; 11.096 ;
; num1[7]    ; disp_2[4]   ; 8.506  ; 8.781  ; 8.781  ; 8.506  ;
; num1[7]    ; disp_2[5]   ; 9.125  ; 9.400  ; 9.400  ; 9.125  ;
; num1[7]    ; disp_2[6]   ;        ; 6.166  ; 6.166  ;        ;
+------------+-------------+--------+--------+--------+--------+


+----------------------------------------------------------+
; Minimum Progagation Delay                                ;
+------------+-------------+-------+-------+-------+-------+
; Input Port ; Output Port ; RR    ; RF    ; FR    ; FF    ;
+------------+-------------+-------+-------+-------+-------+
; num1[0]    ; disp_0[0]   ; 5.380 ; 5.380 ; 5.380 ; 5.380 ;
; num1[0]    ; disp_0[1]   ; 5.275 ; 5.275 ; 5.275 ; 5.275 ;
; num1[0]    ; disp_0[2]   ;       ; 5.268 ; 5.268 ;       ;
; num1[0]    ; disp_0[3]   ; 5.303 ; 5.303 ; 5.303 ; 5.303 ;
; num1[0]    ; disp_0[4]   ; 5.307 ;       ;       ; 5.307 ;
; num1[0]    ; disp_0[5]   ; 5.299 ;       ;       ; 5.299 ;
; num1[0]    ; disp_0[6]   ; 5.378 ;       ;       ; 5.378 ;
; num1[1]    ; disp_0[0]   ; 6.427 ; 6.427 ; 6.427 ; 6.427 ;
; num1[1]    ; disp_0[1]   ; 6.323 ; 6.323 ; 6.323 ; 6.323 ;
; num1[1]    ; disp_0[2]   ; 6.315 ; 6.764 ; 6.764 ; 6.315 ;
; num1[1]    ; disp_0[3]   ; 6.349 ; 6.349 ; 6.349 ; 6.349 ;
; num1[1]    ; disp_0[4]   ; 6.355 ; 6.355 ; 6.355 ; 6.355 ;
; num1[1]    ; disp_0[5]   ; 6.347 ; 6.796 ; 6.796 ; 6.347 ;
; num1[1]    ; disp_0[6]   ; 6.422 ; 6.422 ; 6.422 ; 6.422 ;
; num1[1]    ; disp_1[0]   ; 6.683 ; 6.683 ; 6.683 ; 6.683 ;
; num1[1]    ; disp_1[1]   ; 6.488 ; 6.488 ; 6.488 ; 6.488 ;
; num1[1]    ; disp_1[2]   ;       ; 6.571 ; 6.571 ;       ;
; num1[1]    ; disp_1[3]   ; 6.493 ; 6.493 ; 6.493 ; 6.493 ;
; num1[1]    ; disp_1[4]   ; 6.571 ;       ;       ; 6.571 ;
; num1[1]    ; disp_1[5]   ; 6.484 ;       ;       ; 6.484 ;
; num1[1]    ; disp_1[6]   ; 6.478 ;       ;       ; 6.478 ;
; num1[2]    ; disp_0[0]   ; 6.691 ; 6.691 ; 6.691 ; 6.691 ;
; num1[2]    ; disp_0[1]   ; 6.585 ; 6.790 ; 6.790 ; 6.585 ;
; num1[2]    ; disp_0[2]   ; 6.571 ; 6.571 ; 6.571 ; 6.571 ;
; num1[2]    ; disp_0[3]   ; 6.616 ; 6.616 ; 6.616 ; 6.616 ;
; num1[2]    ; disp_0[4]   ; 6.604 ; 6.809 ; 6.809 ; 6.604 ;
; num1[2]    ; disp_0[5]   ; 6.596 ; 6.596 ; 6.596 ; 6.596 ;
; num1[2]    ; disp_0[6]   ; 6.691 ; 6.691 ; 6.691 ; 6.691 ;
; num1[2]    ; disp_1[0]   ; 6.544 ; 6.544 ; 6.544 ; 6.544 ;
; num1[2]    ; disp_1[1]   ; 6.349 ; 6.349 ; 6.349 ; 6.349 ;
; num1[2]    ; disp_1[2]   ; 7.190 ; 6.432 ; 6.432 ; 7.190 ;
; num1[2]    ; disp_1[3]   ; 6.354 ; 6.354 ; 6.354 ; 6.354 ;
; num1[2]    ; disp_1[4]   ; 6.432 ; 7.190 ; 7.190 ; 6.432 ;
; num1[2]    ; disp_1[5]   ; 6.345 ; 7.103 ; 7.103 ; 6.345 ;
; num1[2]    ; disp_1[6]   ; 6.339 ; 7.097 ; 7.097 ; 6.339 ;
; num1[2]    ; disp_2[0]   ; 7.288 ;       ;       ; 7.288 ;
; num1[2]    ; disp_2[2]   ;       ; 6.288 ; 6.288 ;       ;
; num1[2]    ; disp_2[3]   ; 7.298 ;       ;       ; 7.298 ;
; num1[2]    ; disp_2[4]   ; 6.105 ;       ;       ; 6.105 ;
; num1[2]    ; disp_2[5]   ; 6.384 ;       ;       ; 6.384 ;
; num1[3]    ; disp_0[0]   ; 6.809 ; 6.809 ; 6.809 ; 6.809 ;
; num1[3]    ; disp_0[1]   ; 6.705 ; 6.872 ; 6.872 ; 6.705 ;
; num1[3]    ; disp_0[2]   ; 6.695 ; 6.862 ; 6.862 ; 6.695 ;
; num1[3]    ; disp_0[3]   ; 6.733 ; 6.733 ; 6.733 ; 6.733 ;
; num1[3]    ; disp_0[4]   ; 6.736 ; 6.903 ; 6.903 ; 6.736 ;
; num1[3]    ; disp_0[5]   ; 6.728 ; 6.728 ; 6.728 ; 6.728 ;
; num1[3]    ; disp_0[6]   ; 6.809 ; 6.809 ; 6.809 ; 6.809 ;
; num1[3]    ; disp_1[0]   ; 6.892 ; 6.892 ; 6.892 ; 6.892 ;
; num1[3]    ; disp_1[1]   ; 6.697 ; 6.697 ; 6.697 ; 6.697 ;
; num1[3]    ; disp_1[2]   ; 7.184 ; 6.780 ; 6.780 ; 7.184 ;
; num1[3]    ; disp_1[3]   ; 6.702 ; 6.702 ; 6.702 ; 6.702 ;
; num1[3]    ; disp_1[4]   ; 6.780 ; 7.184 ; 7.184 ; 6.780 ;
; num1[3]    ; disp_1[5]   ; 6.693 ; 7.097 ; 7.097 ; 6.693 ;
; num1[3]    ; disp_1[6]   ; 6.687 ; 7.091 ; 7.091 ; 6.687 ;
; num1[3]    ; disp_2[0]   ; 7.145 ; 7.338 ; 7.338 ; 7.145 ;
; num1[3]    ; disp_2[2]   ; 6.325 ; 6.145 ; 6.145 ; 6.325 ;
; num1[3]    ; disp_2[3]   ; 7.155 ; 7.348 ; 7.348 ; 7.155 ;
; num1[3]    ; disp_2[4]   ; 5.962 ; 6.420 ; 6.420 ; 5.962 ;
; num1[3]    ; disp_2[5]   ; 6.241 ; 6.699 ; 6.699 ; 6.241 ;
; num1[3]    ; disp_2[6]   ;       ; 5.908 ; 5.908 ;       ;
; num1[4]    ; disp_0[0]   ; 7.443 ; 7.443 ; 7.443 ; 7.443 ;
; num1[4]    ; disp_0[1]   ; 7.337 ; 7.337 ; 7.337 ; 7.337 ;
; num1[4]    ; disp_0[2]   ; 7.323 ; 7.323 ; 7.323 ; 7.323 ;
; num1[4]    ; disp_0[3]   ; 7.368 ; 7.368 ; 7.368 ; 7.368 ;
; num1[4]    ; disp_0[4]   ; 7.356 ; 7.356 ; 7.356 ; 7.356 ;
; num1[4]    ; disp_0[5]   ; 7.348 ; 7.348 ; 7.348 ; 7.348 ;
; num1[4]    ; disp_0[6]   ; 7.443 ; 7.443 ; 7.443 ; 7.443 ;
; num1[4]    ; disp_1[0]   ; 6.760 ; 6.760 ; 6.760 ; 6.760 ;
; num1[4]    ; disp_1[1]   ; 6.565 ; 6.565 ; 6.565 ; 6.565 ;
; num1[4]    ; disp_1[2]   ; 6.996 ; 6.648 ; 6.648 ; 6.996 ;
; num1[4]    ; disp_1[3]   ; 6.570 ; 6.570 ; 6.570 ; 6.570 ;
; num1[4]    ; disp_1[4]   ; 6.648 ; 6.996 ; 6.996 ; 6.648 ;
; num1[4]    ; disp_1[5]   ; 6.561 ; 6.909 ; 6.909 ; 6.561 ;
; num1[4]    ; disp_1[6]   ; 6.555 ; 6.903 ; 6.903 ; 6.555 ;
; num1[4]    ; disp_2[0]   ; 7.190 ; 7.312 ; 7.312 ; 7.190 ;
; num1[4]    ; disp_2[2]   ; 6.299 ; 6.190 ; 6.190 ; 6.299 ;
; num1[4]    ; disp_2[3]   ; 7.200 ; 7.322 ; 7.322 ; 7.200 ;
; num1[4]    ; disp_2[4]   ; 6.007 ; 6.306 ; 6.306 ; 6.007 ;
; num1[4]    ; disp_2[5]   ; 6.286 ; 6.585 ; 6.585 ; 6.286 ;
; num1[4]    ; disp_2[6]   ;       ; 5.882 ; 5.882 ;       ;
; num1[5]    ; disp_0[0]   ; 7.792 ; 7.792 ; 7.792 ; 7.792 ;
; num1[5]    ; disp_0[1]   ; 7.688 ; 7.688 ; 7.688 ; 7.688 ;
; num1[5]    ; disp_0[2]   ; 7.678 ; 7.678 ; 7.678 ; 7.678 ;
; num1[5]    ; disp_0[3]   ; 7.716 ; 7.716 ; 7.716 ; 7.716 ;
; num1[5]    ; disp_0[4]   ; 7.711 ; 7.711 ; 7.711 ; 7.711 ;
; num1[5]    ; disp_0[5]   ; 7.703 ; 7.703 ; 7.703 ; 7.703 ;
; num1[5]    ; disp_0[6]   ; 7.792 ; 7.792 ; 7.792 ; 7.792 ;
; num1[5]    ; disp_1[0]   ; 7.484 ; 7.484 ; 7.484 ; 7.484 ;
; num1[5]    ; disp_1[1]   ; 7.289 ; 7.303 ; 7.303 ; 7.289 ;
; num1[5]    ; disp_1[2]   ; 7.372 ; 7.386 ; 7.386 ; 7.372 ;
; num1[5]    ; disp_1[3]   ; 7.292 ; 7.292 ; 7.292 ; 7.292 ;
; num1[5]    ; disp_1[4]   ; 7.181 ; 7.181 ; 7.181 ; 7.181 ;
; num1[5]    ; disp_1[5]   ; 7.283 ; 7.283 ; 7.283 ; 7.283 ;
; num1[5]    ; disp_1[6]   ; 7.279 ; 7.279 ; 7.279 ; 7.279 ;
; num1[5]    ; disp_2[0]   ; 7.160 ; 7.336 ; 7.336 ; 7.160 ;
; num1[5]    ; disp_2[2]   ; 6.323 ; 6.160 ; 6.160 ; 6.323 ;
; num1[5]    ; disp_2[3]   ; 7.170 ; 7.346 ; 7.346 ; 7.170 ;
; num1[5]    ; disp_2[4]   ; 5.977 ; 6.418 ; 6.418 ; 5.977 ;
; num1[5]    ; disp_2[5]   ; 6.256 ; 6.697 ; 6.697 ; 6.256 ;
; num1[5]    ; disp_2[6]   ;       ; 5.906 ; 5.906 ;       ;
; num1[6]    ; disp_0[0]   ; 5.363 ; 5.363 ; 5.363 ; 5.363 ;
; num1[6]    ; disp_0[1]   ; 5.259 ; 5.283 ; 5.283 ; 5.259 ;
; num1[6]    ; disp_0[2]   ; 5.249 ; 5.268 ; 5.268 ; 5.249 ;
; num1[6]    ; disp_0[3]   ; 5.287 ; 5.287 ; 5.287 ; 5.287 ;
; num1[6]    ; disp_0[4]   ; 5.290 ; 5.302 ; 5.302 ; 5.290 ;
; num1[6]    ; disp_0[5]   ; 5.282 ; 5.282 ; 5.282 ; 5.282 ;
; num1[6]    ; disp_0[6]   ; 5.363 ; 5.363 ; 5.363 ; 5.363 ;
; num1[6]    ; disp_1[0]   ; 5.290 ; 5.290 ; 5.290 ; 5.290 ;
; num1[6]    ; disp_1[1]   ; 5.095 ; 5.095 ; 5.095 ; 5.095 ;
; num1[6]    ; disp_1[2]   ; 5.178 ; 5.178 ; 5.178 ; 5.178 ;
; num1[6]    ; disp_1[3]   ; 5.100 ; 5.100 ; 5.100 ; 5.100 ;
; num1[6]    ; disp_1[4]   ; 4.968 ; 4.968 ; 4.968 ; 4.968 ;
; num1[6]    ; disp_1[5]   ; 5.091 ; 5.091 ; 5.091 ; 5.091 ;
; num1[6]    ; disp_1[6]   ; 5.085 ; 5.085 ; 5.085 ; 5.085 ;
; num1[6]    ; disp_2[0]   ; 4.593 ; 4.618 ; 4.618 ; 4.593 ;
; num1[6]    ; disp_2[2]   ; 3.605 ; 3.593 ; 3.593 ; 3.605 ;
; num1[6]    ; disp_2[3]   ; 4.603 ; 4.628 ; 4.628 ; 4.603 ;
; num1[6]    ; disp_2[4]   ; 3.410 ; 3.597 ; 3.597 ; 3.410 ;
; num1[6]    ; disp_2[5]   ; 3.689 ; 3.876 ; 3.876 ; 3.689 ;
; num1[6]    ; disp_2[6]   ;       ; 3.188 ; 3.188 ;       ;
; num1[7]    ; disp_0[0]   ; 5.319 ; 5.319 ; 5.319 ; 5.319 ;
; num1[7]    ; disp_0[1]   ; 5.213 ; 5.213 ; 5.213 ; 5.213 ;
; num1[7]    ; disp_0[2]   ; 5.199 ; 5.199 ; 5.199 ; 5.199 ;
; num1[7]    ; disp_0[3]   ; 5.244 ; 5.244 ; 5.244 ; 5.244 ;
; num1[7]    ; disp_0[4]   ; 5.232 ; 5.232 ; 5.232 ; 5.232 ;
; num1[7]    ; disp_0[5]   ; 5.224 ; 5.224 ; 5.224 ; 5.224 ;
; num1[7]    ; disp_0[6]   ; 5.319 ; 5.319 ; 5.319 ; 5.319 ;
; num1[7]    ; disp_1[0]   ; 5.086 ; 5.086 ; 5.086 ; 5.086 ;
; num1[7]    ; disp_1[1]   ; 4.891 ; 5.080 ; 5.080 ; 4.891 ;
; num1[7]    ; disp_1[2]   ; 4.974 ; 5.163 ; 5.163 ; 4.974 ;
; num1[7]    ; disp_1[3]   ; 4.894 ; 4.894 ; 4.894 ; 4.894 ;
; num1[7]    ; disp_1[4]   ; 4.788 ; 4.788 ; 4.788 ; 4.788 ;
; num1[7]    ; disp_1[5]   ; 4.885 ; 4.885 ; 4.885 ; 4.885 ;
; num1[7]    ; disp_1[6]   ; 4.881 ; 4.881 ; 4.881 ; 4.881 ;
; num1[7]    ; disp_2[0]   ; 4.483 ; 4.580 ; 4.580 ; 4.483 ;
; num1[7]    ; disp_2[2]   ; 3.567 ; 3.483 ; 3.483 ; 3.567 ;
; num1[7]    ; disp_2[3]   ; 4.493 ; 4.590 ; 4.590 ; 4.493 ;
; num1[7]    ; disp_2[4]   ; 3.300 ; 3.565 ; 3.565 ; 3.300 ;
; num1[7]    ; disp_2[5]   ; 3.579 ; 3.844 ; 3.844 ; 3.579 ;
; num1[7]    ; disp_2[6]   ;       ; 3.150 ; 3.150 ;       ;
+------------+-------------+-------+-------+-------+-------+


-------------------
; Clock Transfers ;
-------------------
Nothing to report.


---------------
; Report TCCS ;
---------------
No dedicated SERDES Transmitter circuitry present in device or used in design


---------------
; Report RSKM ;
---------------
No dedicated SERDES Receiver circuitry present in device or used in design


+------------------------------------------------+
; Unconstrained Paths                            ;
+---------------------------------+-------+------+
; Property                        ; Setup ; Hold ;
+---------------------------------+-------+------+
; Illegal Clocks                  ; 0     ; 0    ;
; Unconstrained Clocks            ; 0     ; 0    ;
; Unconstrained Input Ports       ; 8     ; 8    ;
; Unconstrained Input Port Paths  ; 140   ; 140  ;
; Unconstrained Output Ports      ; 20    ; 20   ;
; Unconstrained Output Port Paths ; 140   ; 140  ;
+---------------------------------+-------+------+


+------------------------------------+
; TimeQuest Timing Analyzer Messages ;
+------------------------------------+
Info: *******************************************************************
Info: Running Quartus II 64-Bit TimeQuest Timing Analyzer
    Info: Version 13.0.1 Build 232 06/12/2013 Service Pack 1 SJ Web Edition
    Info: Processing started: Tue May 21 21:39:46 2019
Info: Command: quartus_sta convert3Disp -c convert3Disp
Info: qsta_default_script.tcl version: #1
Warning (20028): Parallel compilation is not licensed and has been disabled
Info (21077): Low junction temperature is 0 degrees C
Info (21077): High junction temperature is 85 degrees C
Critical Warning (332012): Synopsys Design Constraints File file not found: 'convert3Disp.sdc'. A Synopsys Design Constraints File is required by the TimeQuest Timing Analyzer to get proper timing constraints. Without it, the Compiler will not properly optimize the design.
Info (332142): No user constrained base clocks found in the design. Calling "derive_clocks -period 1.0"
Info (332096): The command derive_clocks did not find any clocks to derive.  No clocks were created or changed.
Warning (332068): No clocks defined in design.
Info: Found TIMEQUEST_REPORT_SCRIPT_INCLUDE_DEFAULT_ANALYSIS = ON
Info (332159): No clocks to report
Info: Analyzing Slow Model
Info (332140): No fmax paths to report
Info (332140): No Setup paths to report
Info (332140): No Hold paths to report
Info (332140): No Recovery paths to report
Info (332140): No Removal paths to report
Info (332140): No Minimum Pulse Width paths to report
Info (332001): The selected device family is not supported by the report_metastability command.
Info: Analyzing Fast Model
Info (332142): No user constrained base clocks found in the design. Calling "derive_clocks -period 1.0"
Info (332096): The command derive_clocks did not find any clocks to derive.  No clocks were created or changed.
Warning (332068): No clocks defined in design.
Info (332140): No Setup paths to report
Info (332140): No Hold paths to report
Info (332140): No Recovery paths to report
Info (332140): No Removal paths to report
Info (332140): No Minimum Pulse Width paths to report
Info (332001): The selected device family is not supported by the report_metastability command.
Info (332102): Design is not fully constrained for setup requirements
Info (332102): Design is not fully constrained for hold requirements
Info: Quartus II 64-Bit TimeQuest Timing Analyzer was successful. 0 errors, 4 warnings
    Info: Peak virtual memory: 4567 megabytes
    Info: Processing ended: Tue May 21 21:39:49 2019
    Info: Elapsed time: 00:00:03
    Info: Total CPU time (on all processors): 00:00:02


